This is pdfTeX, Version 3.141592653-2.6-1.40.26 (MiKTeX 24.4) (preloaded format=pdflatex 2024.8.14)  27 NOV 2025 16:39
entering extended mode
 \write18 enabled.
 %&-line parsing enabled.
**./main.tex
(main.tex
LaTeX2e <2024-06-01> patch level 2
L3 programming layer <2024-07-20>
(C:\Users\Rodrigo\AppData\Local\Programs\MiKTeX\tex/latex/base\book.cls
Document Class: book 2024/02/08 v1.4n Standard LaTeX document class
(C:\Users\Rodrigo\AppData\Local\Programs\MiKTeX\tex/latex/base\bk11.clo
File: bk11.clo 2024/02/08 v1.4n Standard LaTeX file (size option)
)
\c@part=\count194
\c@chapter=\count195
\c@section=\count196
\c@subsection=\count197
\c@subsubsection=\count198
\c@paragraph=\count199
\c@subparagraph=\count266
\c@figure=\count267
\c@table=\count268
\abovecaptionskip=\skip49
\belowcaptionskip=\skip50
\bibindent=\dimen141
)
(C:\Users\Rodrigo\AppData\Local\Programs\MiKTeX\tex/latex/geometry\geometry.sty
Package: geometry 2020/01/02 v5.9 Page Geometry
(C:\Users\Rodrigo\AppData\Local\Programs\MiKTeX\tex/latex/graphics\keyval.sty
Package: keyval 2022/05/29 v1.15 key=value parser (DPC)
\KV@toks@=\toks17
)
(C:\Users\Rodrigo\AppData\Local\Programs\MiKTeX\tex/generic/iftex\ifvtex.sty
Package: ifvtex 2019/10/25 v1.7 ifvtex legacy package. Use iftex instead.

(C:\Users\Rodrigo\AppData\Local\Programs\MiKTeX\tex/generic/iftex\iftex.sty
Package: iftex 2022/02/03 v1.0f TeX engine tests
))
\Gm@cnth=\count269
\Gm@cntv=\count270
\c@Gm@tempcnt=\count271
\Gm@bindingoffset=\dimen142
\Gm@wd@mp=\dimen143
\Gm@odd@mp=\dimen144
\Gm@even@mp=\dimen145
\Gm@layoutwidth=\dimen146
\Gm@layoutheight=\dimen147
\Gm@layouthoffset=\dimen148
\Gm@layoutvoffset=\dimen149
\Gm@dimlist=\toks18

(C:\Users\Rodrigo\AppData\Local\Programs\MiKTeX\tex/latex/geometry\geometry.cfg
)) (C:\Users\Rodrigo\AppData\Local\Programs\MiKTeX\tex/latex/base\inputenc.sty
Package: inputenc 2024/02/08 v1.3d Input encoding file
\inpenc@prehook=\toks19
\inpenc@posthook=\toks20
) (C:\Users\Rodrigo\AppData\Local\Programs\MiKTeX\tex/generic/babel\babel.sty
Package: babel 2024/06/26 v24.7 The Babel package
\babel@savecnt=\count272
\U@D=\dimen150
\l@unhyphenated=\language79

(C:\Users\Rodrigo\AppData\Local\Programs\MiKTeX\tex/generic/babel\txtbabel.def)
\bbl@readstream=\read2
\bbl@dirlevel=\count273
*************************************
* Local config file bblopts.cfg used
*
(C:\Users\Rodrigo\AppData\Local\Programs\MiKTeX\tex/latex/arabi\bblopts.cfg
File: bblopts.cfg 2005/09/08 v0.1 add Arabic and Farsi to "declared" options of
 babel
)
(C:\Users\Rodrigo\AppData\Local\Programs\MiKTeX\tex/latex/babel-spanish\spanish
.ldf
Language: spanish.ldf 2021/05/27 v5.0q Spanish support from the babel system
\es@quottoks=\toks21
\es@quotdepth=\count274
Package babel Info: Making " an active character on input line 570.
))
(C:\Users\Rodrigo\AppData\Local\Programs\MiKTeX\tex/generic/babel/locale/es\bab
el-spanish.tex
Package babel Info: Importing font and identification data for spanish
(babel)             from babel-es.ini. Reported on input line 11.
)
(C:\Users\Rodrigo\AppData\Local\Programs\MiKTeX\tex/latex/amsmath\amsmath.sty
Package: amsmath 2024/05/23 v2.17q AMS math features
\@mathmargin=\skip51

For additional information on amsmath, use the `?' option.
(C:\Users\Rodrigo\AppData\Local\Programs\MiKTeX\tex/latex/amsmath\amstext.sty
Package: amstext 2021/08/26 v2.01 AMS text

(C:\Users\Rodrigo\AppData\Local\Programs\MiKTeX\tex/latex/amsmath\amsgen.sty
File: amsgen.sty 1999/11/30 v2.0 generic functions
\@emptytoks=\toks22
\ex@=\dimen151
))
(C:\Users\Rodrigo\AppData\Local\Programs\MiKTeX\tex/latex/amsmath\amsbsy.sty
Package: amsbsy 1999/11/29 v1.2d Bold Symbols
\pmbraise@=\dimen152
)
(C:\Users\Rodrigo\AppData\Local\Programs\MiKTeX\tex/latex/amsmath\amsopn.sty
Package: amsopn 2022/04/08 v2.04 operator names
)
\inf@bad=\count275
LaTeX Info: Redefining \frac on input line 233.
\uproot@=\count276
\leftroot@=\count277
LaTeX Info: Redefining \overline on input line 398.
LaTeX Info: Redefining \colon on input line 409.
\classnum@=\count278
\DOTSCASE@=\count279
LaTeX Info: Redefining \ldots on input line 495.
LaTeX Info: Redefining \dots on input line 498.
LaTeX Info: Redefining \cdots on input line 619.
\Mathstrutbox@=\box52
\strutbox@=\box53
LaTeX Info: Redefining \big on input line 721.
LaTeX Info: Redefining \Big on input line 722.
LaTeX Info: Redefining \bigg on input line 723.
LaTeX Info: Redefining \Bigg on input line 724.
\big@size=\dimen153
LaTeX Font Info:    Redeclaring font encoding OML on input line 742.
LaTeX Font Info:    Redeclaring font encoding OMS on input line 743.
\macc@depth=\count280
LaTeX Info: Redefining \bmod on input line 904.
LaTeX Info: Redefining \pmod on input line 909.
LaTeX Info: Redefining \smash on input line 939.
LaTeX Info: Redefining \relbar on input line 969.
LaTeX Info: Redefining \Relbar on input line 970.
\c@MaxMatrixCols=\count281
\dotsspace@=\muskip17
\c@parentequation=\count282
\dspbrk@lvl=\count283
\tag@help=\toks23
\row@=\count284
\column@=\count285
\maxfields@=\count286
\andhelp@=\toks24
\eqnshift@=\dimen154
\alignsep@=\dimen155
\tagshift@=\dimen156
\tagwidth@=\dimen157
\totwidth@=\dimen158
\lineht@=\dimen159
\@envbody=\toks25
\multlinegap=\skip52
\multlinetaggap=\skip53
\mathdisplay@stack=\toks26
LaTeX Info: Redefining \[ on input line 2953.
LaTeX Info: Redefining \] on input line 2954.
)
(C:\Users\Rodrigo\AppData\Local\Programs\MiKTeX\tex/latex/amsfonts\amssymb.sty
Package: amssymb 2013/01/14 v3.01 AMS font symbols

(C:\Users\Rodrigo\AppData\Local\Programs\MiKTeX\tex/latex/amsfonts\amsfonts.sty
Package: amsfonts 2013/01/14 v3.01 Basic AMSFonts support
\symAMSa=\mathgroup4
\symAMSb=\mathgroup5
LaTeX Font Info:    Redeclaring math symbol \hbar on input line 98.
LaTeX Font Info:    Overwriting math alphabet `\mathfrak' in version `bold'
(Font)                  U/euf/m/n --> U/euf/b/n on input line 106.
)) (C:\Users\Rodrigo\AppData\Local\Programs\MiKTeX\tex/latex/amscls\amsthm.sty
Package: amsthm 2020/05/29 v2.20.6
\thm@style=\toks27
\thm@bodyfont=\toks28
\thm@headfont=\toks29
\thm@notefont=\toks30
\thm@headpunct=\toks31
\thm@preskip=\skip54
\thm@postskip=\skip55
\thm@headsep=\skip56
\dth@everypar=\toks32
)
(C:\Users\Rodrigo\AppData\Local\Programs\MiKTeX\tex/latex/appendix\appendix.sty
Package: appendix 2020/02/08 v1.2c extra appendix facilities
\c@@pps=\count287
\c@@ppsavesec=\count288
\c@@ppsaveapp=\count289
) (bachelorstitlepageUNAM.sty
Package: bachelorstitlepageUNAM 20161012

(C:\Users\Rodrigo\AppData\Local\Programs\MiKTeX\tex/latex/graphics\graphicx.sty
Package: graphicx 2021/09/16 v1.2d Enhanced LaTeX Graphics (DPC,SPQR)

(C:\Users\Rodrigo\AppData\Local\Programs\MiKTeX\tex/latex/graphics\graphics.sty
Package: graphics 2024/05/23 v1.4g Standard LaTeX Graphics (DPC,SPQR)
(C:\Users\Rodrigo\AppData\Local\Programs\MiKTeX\tex/latex/graphics\trig.sty
Package: trig 2023/12/02 v1.11 sin cos tan (DPC)
)
(C:\Users\Rodrigo\AppData\Local\Programs\MiKTeX\tex/latex/graphics-cfg\graphics
.cfg
File: graphics.cfg 2016/06/04 v1.11 sample graphics configuration
)
Package graphics Info: Driver file: pdftex.def on input line 106.

(C:\Users\Rodrigo\AppData\Local\Programs\MiKTeX\tex/latex/graphics-def\pdftex.d
ef
File: pdftex.def 2024/04/13 v1.2c Graphics/color driver for pdftex
))
\Gin@req@height=\dimen160
\Gin@req@width=\dimen161
))
(C:\Users\Rodrigo\AppData\Local\Programs\MiKTeX\tex/latex/tikz-network\tikz-net
work.sty
Package: tikz-network 2019/08/15 tikz-network v1.1

(C:\Users\Rodrigo\AppData\Local\Programs\MiKTeX\tex/latex/etex-pkg\etex.sty
Package: etex 2016/08/01 v2.7 eTeX basic definition package (PEB,DPC)


Package etex Warning: Extended allocation already in use.
(etex)                etex.sty code will not be used.
(etex)                To force etex package to load, add
(etex)                \RequirePackage{etex}
(etex)                at the start of the document.

) (C:\Users\Rodrigo\AppData\Local\Programs\MiKTeX\tex/latex/xifthen\xifthen.sty
Package: xifthen 2015/11/05 v1.4.0 Extended ifthen features
(C:\Users\Rodrigo\AppData\Local\Programs\MiKTeX\tex/latex/tools\calc.sty
Package: calc 2023/07/08 v4.3 Infix arithmetic (KKT,FJ)
\calc@Acount=\count290
\calc@Bcount=\count291
\calc@Adimen=\dimen162
\calc@Bdimen=\dimen163
\calc@Askip=\skip57
\calc@Bskip=\skip58
LaTeX Info: Redefining \setlength on input line 80.
LaTeX Info: Redefining \addtolength on input line 81.
\calc@Ccount=\count292
\calc@Cskip=\skip59
)
(C:\Users\Rodrigo\AppData\Local\Programs\MiKTeX\tex/latex/base\ifthen.sty
Package: ifthen 2024/03/16 v1.1e Standard LaTeX ifthen package (DPC)
)
(C:\Users\Rodrigo\AppData\Local\Programs\MiKTeX\tex/latex/ifmtarg\ifmtarg.sty
Package: ifmtarg 2018/04/16 v1.2b check for an empty argument
)) (C:\Users\Rodrigo\AppData\Local\Programs\MiKTeX\tex/latex/xkeyval\xkeyval.st
y
Package: xkeyval 2022/06/16 v2.9 package option processing (HA)

(C:\Users\Rodrigo\AppData\Local\Programs\MiKTeX\tex/generic/xkeyval\xkeyval.tex

(C:\Users\Rodrigo\AppData\Local\Programs\MiKTeX\tex/generic/xkeyval\xkvutils.te
x
\XKV@toks=\toks33
\XKV@tempa@toks=\toks34
)
\XKV@depth=\count293
File: xkeyval.tex 2014/12/03 v2.7a key=value parser (HA)
))
(C:\Users\Rodrigo\AppData\Local\Programs\MiKTeX\tex/latex/pgf/frontendlayer\tik
z.sty
(C:\Users\Rodrigo\AppData\Local\Programs\MiKTeX\tex/latex/pgf/basiclayer\pgf.st
y
(C:\Users\Rodrigo\AppData\Local\Programs\MiKTeX\tex/latex/pgf/utilities\pgfrcs.
sty
(C:\Users\Rodrigo\AppData\Local\Programs\MiKTeX\tex/generic/pgf/utilities\pgfut
il-common.tex
\pgfutil@everybye=\toks35
\pgfutil@tempdima=\dimen164
\pgfutil@tempdimb=\dimen165
)
(C:\Users\Rodrigo\AppData\Local\Programs\MiKTeX\tex/generic/pgf/utilities\pgfut
il-latex.def
\pgfutil@abb=\box54
)
(C:\Users\Rodrigo\AppData\Local\Programs\MiKTeX\tex/generic/pgf/utilities\pgfrc
s.code.tex
(C:\Users\Rodrigo\AppData\Local\Programs\MiKTeX\tex/generic/pgf\pgf.revision.te
x)
Package: pgfrcs 2023-01-15 v3.1.10 (3.1.10)
))
Package: pgf 2023-01-15 v3.1.10 (3.1.10)

(C:\Users\Rodrigo\AppData\Local\Programs\MiKTeX\tex/latex/pgf/basiclayer\pgfcor
e.sty
(C:\Users\Rodrigo\AppData\Local\Programs\MiKTeX\tex/latex/pgf/systemlayer\pgfsy
s.sty
(C:\Users\Rodrigo\AppData\Local\Programs\MiKTeX\tex/generic/pgf/systemlayer\pgf
sys.code.tex
Package: pgfsys 2023-01-15 v3.1.10 (3.1.10)

(C:\Users\Rodrigo\AppData\Local\Programs\MiKTeX\tex/generic/pgf/utilities\pgfke
ys.code.tex
\pgfkeys@pathtoks=\toks36
\pgfkeys@temptoks=\toks37

(C:\Users\Rodrigo\AppData\Local\Programs\MiKTeX\tex/generic/pgf/utilities\pgfke
yslibraryfiltered.code.tex
\pgfkeys@tmptoks=\toks38
))
\pgf@x=\dimen166
\pgf@y=\dimen167
\pgf@xa=\dimen168
\pgf@ya=\dimen169
\pgf@xb=\dimen170
\pgf@yb=\dimen171
\pgf@xc=\dimen172
\pgf@yc=\dimen173
\pgf@xd=\dimen174
\pgf@yd=\dimen175
\w@pgf@writea=\write3
\r@pgf@reada=\read3
\c@pgf@counta=\count294
\c@pgf@countb=\count295
\c@pgf@countc=\count296
\c@pgf@countd=\count297
\t@pgf@toka=\toks39
\t@pgf@tokb=\toks40
\t@pgf@tokc=\toks41
\pgf@sys@id@count=\count298

(C:\Users\Rodrigo\AppData\Local\Programs\MiKTeX\tex/generic/pgf/systemlayer\pgf
.cfg
File: pgf.cfg 2023-01-15 v3.1.10 (3.1.10)
)
Driver file for pgf: pgfsys-pdftex.def

(C:\Users\Rodrigo\AppData\Local\Programs\MiKTeX\tex/generic/pgf/systemlayer\pgf
sys-pdftex.def
File: pgfsys-pdftex.def 2023-01-15 v3.1.10 (3.1.10)

(C:\Users\Rodrigo\AppData\Local\Programs\MiKTeX\tex/generic/pgf/systemlayer\pgf
sys-common-pdf.def
File: pgfsys-common-pdf.def 2023-01-15 v3.1.10 (3.1.10)
)))
(C:\Users\Rodrigo\AppData\Local\Programs\MiKTeX\tex/generic/pgf/systemlayer\pgf
syssoftpath.code.tex
File: pgfsyssoftpath.code.tex 2023-01-15 v3.1.10 (3.1.10)
\pgfsyssoftpath@smallbuffer@items=\count299
\pgfsyssoftpath@bigbuffer@items=\count300
)
(C:\Users\Rodrigo\AppData\Local\Programs\MiKTeX\tex/generic/pgf/systemlayer\pgf
sysprotocol.code.tex
File: pgfsysprotocol.code.tex 2023-01-15 v3.1.10 (3.1.10)
))
(C:\Users\Rodrigo\AppData\Local\Programs\MiKTeX\tex/latex/xcolor\xcolor.sty
Package: xcolor 2023/11/15 v3.01 LaTeX color extensions (UK)

(C:\Users\Rodrigo\AppData\Local\Programs\MiKTeX\tex/latex/graphics-cfg\color.cf
g
File: color.cfg 2016/01/02 v1.6 sample color configuration
)
Package xcolor Info: Driver file: pdftex.def on input line 274.

(C:\Users\Rodrigo\AppData\Local\Programs\MiKTeX\tex/latex/graphics\mathcolor.lt
x)
Package xcolor Info: Model `cmy' substituted by `cmy0' on input line 1350.
Package xcolor Info: Model `hsb' substituted by `rgb' on input line 1354.
Package xcolor Info: Model `RGB' extended on input line 1366.
Package xcolor Info: Model `HTML' substituted by `rgb' on input line 1368.
Package xcolor Info: Model `Hsb' substituted by `hsb' on input line 1369.
Package xcolor Info: Model `tHsb' substituted by `hsb' on input line 1370.
Package xcolor Info: Model `HSB' substituted by `hsb' on input line 1371.
Package xcolor Info: Model `Gray' substituted by `gray' on input line 1372.
Package xcolor Info: Model `wave' substituted by `hsb' on input line 1373.
)
(C:\Users\Rodrigo\AppData\Local\Programs\MiKTeX\tex/generic/pgf/basiclayer\pgfc
ore.code.tex
Package: pgfcore 2023-01-15 v3.1.10 (3.1.10)

(C:\Users\Rodrigo\AppData\Local\Programs\MiKTeX\tex/generic/pgf/math\pgfmath.co
de.tex
(C:\Users\Rodrigo\AppData\Local\Programs\MiKTeX\tex/generic/pgf/math\pgfmathuti
l.code.tex)
(C:\Users\Rodrigo\AppData\Local\Programs\MiKTeX\tex/generic/pgf/math\pgfmathpar
ser.code.tex
\pgfmath@dimen=\dimen176
\pgfmath@count=\count301
\pgfmath@box=\box55
\pgfmath@toks=\toks42
\pgfmath@stack@operand=\toks43
\pgfmath@stack@operation=\toks44
)
(C:\Users\Rodrigo\AppData\Local\Programs\MiKTeX\tex/generic/pgf/math\pgfmathfun
ctions.code.tex)
(C:\Users\Rodrigo\AppData\Local\Programs\MiKTeX\tex/generic/pgf/math\pgfmathfun
ctions.basic.code.tex)
(C:\Users\Rodrigo\AppData\Local\Programs\MiKTeX\tex/generic/pgf/math\pgfmathfun
ctions.trigonometric.code.tex)
(C:\Users\Rodrigo\AppData\Local\Programs\MiKTeX\tex/generic/pgf/math\pgfmathfun
ctions.random.code.tex)
(C:\Users\Rodrigo\AppData\Local\Programs\MiKTeX\tex/generic/pgf/math\pgfmathfun
ctions.comparison.code.tex)
(C:\Users\Rodrigo\AppData\Local\Programs\MiKTeX\tex/generic/pgf/math\pgfmathfun
ctions.base.code.tex)
(C:\Users\Rodrigo\AppData\Local\Programs\MiKTeX\tex/generic/pgf/math\pgfmathfun
ctions.round.code.tex)
(C:\Users\Rodrigo\AppData\Local\Programs\MiKTeX\tex/generic/pgf/math\pgfmathfun
ctions.misc.code.tex)
(C:\Users\Rodrigo\AppData\Local\Programs\MiKTeX\tex/generic/pgf/math\pgfmathfun
ctions.integerarithmetics.code.tex)
(C:\Users\Rodrigo\AppData\Local\Programs\MiKTeX\tex/generic/pgf/math\pgfmathcal
c.code.tex)
(C:\Users\Rodrigo\AppData\Local\Programs\MiKTeX\tex/generic/pgf/math\pgfmathflo
at.code.tex
\c@pgfmathroundto@lastzeros=\count302
))
(C:\Users\Rodrigo\AppData\Local\Programs\MiKTeX\tex/generic/pgf/math\pgfint.cod
e.tex)
(C:\Users\Rodrigo\AppData\Local\Programs\MiKTeX\tex/generic/pgf/basiclayer\pgfc
orepoints.code.tex
File: pgfcorepoints.code.tex 2023-01-15 v3.1.10 (3.1.10)
\pgf@picminx=\dimen177
\pgf@picmaxx=\dimen178
\pgf@picminy=\dimen179
\pgf@picmaxy=\dimen180
\pgf@pathminx=\dimen181
\pgf@pathmaxx=\dimen182
\pgf@pathminy=\dimen183
\pgf@pathmaxy=\dimen184
\pgf@xx=\dimen185
\pgf@xy=\dimen186
\pgf@yx=\dimen187
\pgf@yy=\dimen188
\pgf@zx=\dimen189
\pgf@zy=\dimen190
)
(C:\Users\Rodrigo\AppData\Local\Programs\MiKTeX\tex/generic/pgf/basiclayer\pgfc
orepathconstruct.code.tex
File: pgfcorepathconstruct.code.tex 2023-01-15 v3.1.10 (3.1.10)
\pgf@path@lastx=\dimen191
\pgf@path@lasty=\dimen192
)
(C:\Users\Rodrigo\AppData\Local\Programs\MiKTeX\tex/generic/pgf/basiclayer\pgfc
orepathusage.code.tex
File: pgfcorepathusage.code.tex 2023-01-15 v3.1.10 (3.1.10)
\pgf@shorten@end@additional=\dimen193
\pgf@shorten@start@additional=\dimen194
)
(C:\Users\Rodrigo\AppData\Local\Programs\MiKTeX\tex/generic/pgf/basiclayer\pgfc
orescopes.code.tex
File: pgfcorescopes.code.tex 2023-01-15 v3.1.10 (3.1.10)
\pgfpic=\box56
\pgf@hbox=\box57
\pgf@layerbox@main=\box58
\pgf@picture@serial@count=\count303
)
(C:\Users\Rodrigo\AppData\Local\Programs\MiKTeX\tex/generic/pgf/basiclayer\pgfc
oregraphicstate.code.tex
File: pgfcoregraphicstate.code.tex 2023-01-15 v3.1.10 (3.1.10)
\pgflinewidth=\dimen195
)
(C:\Users\Rodrigo\AppData\Local\Programs\MiKTeX\tex/generic/pgf/basiclayer\pgfc
oretransformations.code.tex
File: pgfcoretransformations.code.tex 2023-01-15 v3.1.10 (3.1.10)
\pgf@pt@x=\dimen196
\pgf@pt@y=\dimen197
\pgf@pt@temp=\dimen198
)
(C:\Users\Rodrigo\AppData\Local\Programs\MiKTeX\tex/generic/pgf/basiclayer\pgfc
orequick.code.tex
File: pgfcorequick.code.tex 2023-01-15 v3.1.10 (3.1.10)
)
(C:\Users\Rodrigo\AppData\Local\Programs\MiKTeX\tex/generic/pgf/basiclayer\pgfc
oreobjects.code.tex
File: pgfcoreobjects.code.tex 2023-01-15 v3.1.10 (3.1.10)
)
(C:\Users\Rodrigo\AppData\Local\Programs\MiKTeX\tex/generic/pgf/basiclayer\pgfc
orepathprocessing.code.tex
File: pgfcorepathprocessing.code.tex 2023-01-15 v3.1.10 (3.1.10)
)
(C:\Users\Rodrigo\AppData\Local\Programs\MiKTeX\tex/generic/pgf/basiclayer\pgfc
orearrows.code.tex
File: pgfcorearrows.code.tex 2023-01-15 v3.1.10 (3.1.10)
\pgfarrowsep=\dimen199
)
(C:\Users\Rodrigo\AppData\Local\Programs\MiKTeX\tex/generic/pgf/basiclayer\pgfc
oreshade.code.tex
File: pgfcoreshade.code.tex 2023-01-15 v3.1.10 (3.1.10)
\pgf@max=\dimen256
\pgf@sys@shading@range@num=\count304
\pgf@shadingcount=\count305
)
(C:\Users\Rodrigo\AppData\Local\Programs\MiKTeX\tex/generic/pgf/basiclayer\pgfc
oreimage.code.tex
File: pgfcoreimage.code.tex 2023-01-15 v3.1.10 (3.1.10)
)
(C:\Users\Rodrigo\AppData\Local\Programs\MiKTeX\tex/generic/pgf/basiclayer\pgfc
oreexternal.code.tex
File: pgfcoreexternal.code.tex 2023-01-15 v3.1.10 (3.1.10)
\pgfexternal@startupbox=\box59
)
(C:\Users\Rodrigo\AppData\Local\Programs\MiKTeX\tex/generic/pgf/basiclayer\pgfc
orelayers.code.tex
File: pgfcorelayers.code.tex 2023-01-15 v3.1.10 (3.1.10)
)
(C:\Users\Rodrigo\AppData\Local\Programs\MiKTeX\tex/generic/pgf/basiclayer\pgfc
oretransparency.code.tex
File: pgfcoretransparency.code.tex 2023-01-15 v3.1.10 (3.1.10)
)
(C:\Users\Rodrigo\AppData\Local\Programs\MiKTeX\tex/generic/pgf/basiclayer\pgfc
orepatterns.code.tex
File: pgfcorepatterns.code.tex 2023-01-15 v3.1.10 (3.1.10)
)
(C:\Users\Rodrigo\AppData\Local\Programs\MiKTeX\tex/generic/pgf/basiclayer\pgfc
orerdf.code.tex
File: pgfcorerdf.code.tex 2023-01-15 v3.1.10 (3.1.10)
)))
(C:\Users\Rodrigo\AppData\Local\Programs\MiKTeX\tex/generic/pgf/modules\pgfmodu
leshapes.code.tex
File: pgfmoduleshapes.code.tex 2023-01-15 v3.1.10 (3.1.10)
\pgfnodeparttextbox=\box60
)
(C:\Users\Rodrigo\AppData\Local\Programs\MiKTeX\tex/generic/pgf/modules\pgfmodu
leplot.code.tex
File: pgfmoduleplot.code.tex 2023-01-15 v3.1.10 (3.1.10)
)
(C:\Users\Rodrigo\AppData\Local\Programs\MiKTeX\tex/latex/pgf/compatibility\pgf
comp-version-0-65.sty
Package: pgfcomp-version-0-65 2023-01-15 v3.1.10 (3.1.10)
\pgf@nodesepstart=\dimen257
\pgf@nodesepend=\dimen258
)
(C:\Users\Rodrigo\AppData\Local\Programs\MiKTeX\tex/latex/pgf/compatibility\pgf
comp-version-1-18.sty
Package: pgfcomp-version-1-18 2023-01-15 v3.1.10 (3.1.10)
))
(C:\Users\Rodrigo\AppData\Local\Programs\MiKTeX\tex/latex/pgf/utilities\pgffor.
sty
(C:\Users\Rodrigo\AppData\Local\Programs\MiKTeX\tex/latex/pgf/utilities\pgfkeys
.sty
(C:\Users\Rodrigo\AppData\Local\Programs\MiKTeX\tex/generic/pgf/utilities\pgfke
ys.code.tex))
(C:\Users\Rodrigo\AppData\Local\Programs\MiKTeX\tex/latex/pgf/math\pgfmath.sty
(C:\Users\Rodrigo\AppData\Local\Programs\MiKTeX\tex/generic/pgf/math\pgfmath.co
de.tex))
(C:\Users\Rodrigo\AppData\Local\Programs\MiKTeX\tex/generic/pgf/utilities\pgffo
r.code.tex
Package: pgffor 2023-01-15 v3.1.10 (3.1.10)
\pgffor@iter=\dimen259
\pgffor@skip=\dimen260
\pgffor@stack=\toks45
\pgffor@toks=\toks46
))
(C:\Users\Rodrigo\AppData\Local\Programs\MiKTeX\tex/generic/pgf/frontendlayer/t
ikz\tikz.code.tex
Package: tikz 2023-01-15 v3.1.10 (3.1.10)

(C:\Users\Rodrigo\AppData\Local\Programs\MiKTeX\tex/generic/pgf/libraries\pgfli
braryplothandlers.code.tex
File: pgflibraryplothandlers.code.tex 2023-01-15 v3.1.10 (3.1.10)
\pgf@plot@mark@count=\count306
\pgfplotmarksize=\dimen261
)
\tikz@lastx=\dimen262
\tikz@lasty=\dimen263
\tikz@lastxsaved=\dimen264
\tikz@lastysaved=\dimen265
\tikz@lastmovetox=\dimen266
\tikz@lastmovetoy=\dimen267
\tikzleveldistance=\dimen268
\tikzsiblingdistance=\dimen269
\tikz@figbox=\box61
\tikz@figbox@bg=\box62
\tikz@tempbox=\box63
\tikz@tempbox@bg=\box64
\tikztreelevel=\count307
\tikznumberofchildren=\count308
\tikznumberofcurrentchild=\count309
\tikz@fig@count=\count310

(C:\Users\Rodrigo\AppData\Local\Programs\MiKTeX\tex/generic/pgf/modules\pgfmodu
lematrix.code.tex
File: pgfmodulematrix.code.tex 2023-01-15 v3.1.10 (3.1.10)
\pgfmatrixcurrentrow=\count311
\pgfmatrixcurrentcolumn=\count312
\pgf@matrix@numberofcolumns=\count313
)
\tikz@expandcount=\count314

(C:\Users\Rodrigo\AppData\Local\Programs\MiKTeX\tex/generic/pgf/frontendlayer/t
ikz/libraries\tikzlibrarytopaths.code.tex
File: tikzlibrarytopaths.code.tex 2023-01-15 v3.1.10 (3.1.10)
)))
(C:\Users\Rodrigo\AppData\Local\Programs\MiKTeX\tex/latex/datatool\datatool.sty
Package: datatool 2019/09/27 v2.32 (NLCT)
(C:\Users\Rodrigo\AppData\Local\Programs\MiKTeX\tex/latex/xfor\xfor.sty
Package: xfor 2009/02/05 v1.05 (NLCT)
)
(C:\Users\Rodrigo\AppData\Local\Programs\MiKTeX\tex/latex/substr\substr.sty
Package: substr 2009/10/20 v1.2 Handle substrings
\c@su@anzahl=\count315
)
(C:\Users\Rodrigo\AppData\Local\Programs\MiKTeX\tex/latex/etoolbox\etoolbox.sty
Package: etoolbox 2020/10/05 v2.5k e-TeX tools for LaTeX (JAW)
\etb@tempcnta=\count316
)
(C:\Users\Rodrigo\AppData\Local\Programs\MiKTeX\tex/latex/datatool\datatool-bas
e.sty
Package: datatool-base 2019/09/27 v2.32 (NLCT)

(C:\Users\Rodrigo\AppData\Local\Programs\MiKTeX\tex/latex/datatool\datatool-fp.
sty
Package: datatool-fp 2019/09/27 v2.32 (NLCT)
 (C:\Users\Rodrigo\AppData\Local\Programs\MiKTeX\tex/latex/fp\fp.sty
Package: fp 1995/04/02

`Fixed Point Package', Version 0.8, April 2, 1995 (C) Michael Mehlich
(C:\Users\Rodrigo\AppData\Local\Programs\MiKTeX\tex/latex/fp\defpattern.sty
Package: defpattern 1994/10/12
\actioncount=\count317
)
(C:\Users\Rodrigo\AppData\Local\Programs\MiKTeX\tex/latex/fp\fp-basic.sty
Package: fp-basic 1996/05/13
\FP@xs=\count318
\FP@xia=\count319
\FP@xib=\count320
\FP@xfa=\count321
\FP@xfb=\count322
\FP@rega=\count323
\FP@regb=\count324
\FP@regs=\count325
\FP@times=\count326
)
(C:\Users\Rodrigo\AppData\Local\Programs\MiKTeX\tex/latex/fp\fp-addons.sty
Package: fp-addons 1995/03/15
)
(C:\Users\Rodrigo\AppData\Local\Programs\MiKTeX\tex/latex/fp\fp-snap.sty
Package: fp-snap 1995/04/05
)
(C:\Users\Rodrigo\AppData\Local\Programs\MiKTeX\tex/latex/fp\fp-exp.sty
Package: fp-exp 1995/04/03
)
(C:\Users\Rodrigo\AppData\Local\Programs\MiKTeX\tex/latex/fp\fp-trigo.sty
Package: fp-trigo 1995/04/14
)
(C:\Users\Rodrigo\AppData\Local\Programs\MiKTeX\tex/latex/fp\fp-pas.sty
Package: fp-pas 1994/08/29
)
(C:\Users\Rodrigo\AppData\Local\Programs\MiKTeX\tex/latex/fp\fp-random.sty
Package: fp-random 1995/02/23
\FPseed=\count327
)
(C:\Users\Rodrigo\AppData\Local\Programs\MiKTeX\tex/latex/fp\fp-eqn.sty
Package: fp-eqn 1995/04/03
)
(C:\Users\Rodrigo\AppData\Local\Programs\MiKTeX\tex/latex/fp\fp-upn.sty
Package: fp-upn 1996/10/21
)
(C:\Users\Rodrigo\AppData\Local\Programs\MiKTeX\tex/latex/fp\fp-eval.sty
Package: fp-eval 1995/04/03
)))
\@dtl@toks=\toks47
\@dtl@tmpcount=\count328
\dtl@tmplength=\skip60
\dtl@sortresult=\count329
\@dtl@numgrpsepcount=\count330
\@dtl@datatype=\count331
\dtl@codeA=\count332
\dtl@codeB=\count333
\@dtl@foreach@level=\count334
)
\dtlcolumnnum=\count335
\dtlrownum=\count336
\@dtl@before=\toks48
\@dtl@after=\toks49
\@dtl@colhead=\toks50
\dtlcurrentrow=\toks51
\dtlbeforerow=\toks52
\dtlafterrow=\toks53
\dtlforeachlevel=\count337
\c@DTLrowi=\count338
\c@DTLrowii=\count339
\c@DTLrowiii=\count340
\c@DTLrow=\count341
\dtl@rowi=\count342
\dtl@rowii=\count343
\dtl@rowiii=\count344
\@dtl@curi=\toks54
\@dtl@previ=\toks55
\@dtl@nexti=\toks56
\@dtl@curii=\toks57
\@dtl@previi=\toks58
\@dtl@nextii=\toks59
\@dtl@curiii=\toks60
\@dtl@previii=\toks61
\@dtl@nextiii=\toks62
\@dtl@elements=\count345
\@dtl@list=\toks63
\@dtl@rowa=\toks64
\@dtl@rowb=\toks65
\@dtl@toksA=\toks66
\@dtl@toksB=\toks67
\@dtl@write=\write4
\@dtl@read=\read4
\dtl@entrycr=\count346
\dtl@omitlines=\count347
)
(C:\Users\Rodrigo\AppData\Local\Programs\MiKTeX\tex/latex/trimspaces\trimspaces
.sty
Package: trimspaces 2009/09/17 v1.1 Trim spaces around a token list
)
(C:\Users\Rodrigo\AppData\Local\Programs\MiKTeX\tex/generic/pgf/frontendlayer/t
ikz/libraries\tikzlibraryarrows.code.tex
File: tikzlibraryarrows.code.tex 2023-01-15 v3.1.10 (3.1.10)

(C:\Users\Rodrigo\AppData\Local\Programs\MiKTeX\tex/generic/pgf/libraries\pgfli
braryarrows.code.tex
File: pgflibraryarrows.code.tex 2023-01-15 v3.1.10 (3.1.10)
\arrowsize=\dimen270
))
(C:\Users\Rodrigo\AppData\Local\Programs\MiKTeX\tex/generic/pgf/frontendlayer/t
ikz/libraries\tikzlibrarypositioning.code.tex
File: tikzlibrarypositioning.code.tex 2023-01-15 v3.1.10 (3.1.10)
)
(C:\Users\Rodrigo\AppData\Local\Programs\MiKTeX\tex/generic/pgf/frontendlayer/t
ikz/libraries\tikzlibrary3d.code.tex
File: tikzlibrary3d.code.tex 2023-01-15 v3.1.10 (3.1.10)
)
(C:\Users\Rodrigo\AppData\Local\Programs\MiKTeX\tex/generic/pgf/frontendlayer/t
ikz/libraries\tikzlibraryfit.code.tex
File: tikzlibraryfit.code.tex 2023-01-15 v3.1.10 (3.1.10)
)
(C:\Users\Rodrigo\AppData\Local\Programs\MiKTeX\tex/generic/pgf/frontendlayer/t
ikz/libraries\tikzlibrarycalc.code.tex
File: tikzlibrarycalc.code.tex 2023-01-15 v3.1.10 (3.1.10)
)
(C:\Users\Rodrigo\AppData\Local\Programs\MiKTeX\tex/generic/pgf/frontendlayer/t
ikz/libraries\tikzlibrarybackgrounds.code.tex
File: tikzlibrarybackgrounds.code.tex 2023-01-15 v3.1.10 (3.1.10)
\pgf@layerbox@background=\box65
\pgf@layerboxsaved@background=\box66
)
(C:\Users\Rodrigo\AppData\Local\Programs\MiKTeX\tex/generic/pgf/libraries\pgfli
braryarrows.meta.code.tex
File: pgflibraryarrows.meta.code.tex 2023-01-15 v3.1.10 (3.1.10)
\pgfarrowinset=\dimen271
\pgfarrowlength=\dimen272
\pgfarrowwidth=\dimen273
\pgfarrowlinewidth=\dimen274
)
(C:\Users\Rodrigo\AppData\Local\Programs\MiKTeX\tex/generic/pgf/frontendlayer/t
ikz/libraries\tikzlibraryshapes.geometric.code.tex
File: tikzlibraryshapes.geometric.code.tex 2023-01-15 v3.1.10 (3.1.10)

(C:\Users\Rodrigo\AppData\Local\Programs\MiKTeX\tex/generic/pgf/libraries/shape
s\pgflibraryshapes.geometric.code.tex
File: pgflibraryshapes.geometric.code.tex 2023-01-15 v3.1.10 (3.1.10)
))
\c@LayerCounter=\count348
)
(C:\Users\Rodrigo\AppData\Local\Programs\MiKTeX\tex/latex/algorithm2e\algorithm
2e.sty
Package: algorithm2e 2017/07/18 v5.2 algorithms environments
\c@AlgoLine=\count349
\algocf@hangindent=\skip61

(C:\Users\Rodrigo\AppData\Local\Programs\MiKTeX\tex/latex/ifoddpage\ifoddpage.s
ty
Package: ifoddpage 2022/10/18 v1.2 Conditionals for odd/even page detection
\c@checkoddpage=\count350
) (C:\Users\Rodrigo\AppData\Local\Programs\MiKTeX\tex/latex/tools\xspace.sty
Package: xspace 2014/10/28 v1.13 Space after command names (DPC,MH)
) (C:\Users\Rodrigo\AppData\Local\Programs\MiKTeX\tex/latex/relsize\relsize.sty
Package: relsize 2013/03/29 ver 4.1
)
\skiptotal=\skip62
\skiplinenumber=\skip63
\skiprule=\skip64
\skiphlne=\skip65
\skiptext=\skip66
\skiplength=\skip67
\algomargin=\skip68
\skipalgocfslide=\skip69
\algowidth=\dimen275
\inoutsize=\dimen276
\inoutindent=\dimen277
\interspacetitleruled=\dimen278
\interspacealgoruled=\dimen279
\interspacetitleboxruled=\dimen280
\algocf@ruledwidth=\skip70
\algocf@inoutbox=\box67
\algocf@inputbox=\box68
\AlCapSkip=\skip71
\AlCapHSkip=\skip72
\algoskipindent=\skip73
\algocf@nlbox=\box69
\algocf@hangingbox=\box70
\algocf@untilbox=\box71
\algocf@skipuntil=\skip74
\algocf@capbox=\box72
\algocf@lcaptionbox=\skip75
\algoheightruledefault=\skip76
\algoheightrule=\skip77
\algotitleheightruledefault=\skip78
\algotitleheightrule=\skip79
\c@algocfline=\count351
\c@algocfproc=\count352
\c@algocf=\count353
\algocf@algoframe=\box73
\algocf@algobox=\box74
) (C:\Users\Rodrigo\AppData\Local\Programs\MiKTeX\tex/latex/minted\minted.sty
Package: minted 2023/12/18 v2.9 Yet another Pygments shim for LaTeX

(C:\Users\Rodrigo\AppData\Local\Programs\MiKTeX\tex/latex/kvoptions\kvoptions.s
ty
Package: kvoptions 2022-06-15 v3.15 Key value format for package options (HO)

(C:\Users\Rodrigo\AppData\Local\Programs\MiKTeX\tex/generic/ltxcmds\ltxcmds.sty
Package: ltxcmds 2023-12-04 v1.26 LaTeX kernel commands for general use (HO)
)
(C:\Users\Rodrigo\AppData\Local\Programs\MiKTeX\tex/latex/kvsetkeys\kvsetkeys.s
ty
Package: kvsetkeys 2022-10-05 v1.19 Key value parser (HO)
))
(C:\Users\Rodrigo\AppData\Local\Programs\MiKTeX\tex/latex/fvextra\fvextra.sty
Package: fvextra 2024/05/16 v1.7.0 fvextra - extensions and patches for fancyvr
b

(C:\Users\Rodrigo\AppData\Local\Programs\MiKTeX\tex/latex/fancyvrb\fancyvrb.sty
Package: fancyvrb 2024/01/20 4.5c verbatim text (tvz,hv)
\FV@CodeLineNo=\count354
\FV@InFile=\read5
\FV@TabBox=\box75
\c@FancyVerbLine=\count355
\FV@StepNumber=\count356
\FV@OutFile=\write5
) (C:\Users\Rodrigo\AppData\Local\Programs\MiKTeX\tex/latex/upquote\upquote.sty
Package: upquote 2012/04/19 v1.3 upright-quote and grave-accent glyphs in verba
tim
) (C:\Users\Rodrigo\AppData\Local\Programs\MiKTeX\tex/latex/lineno\lineno.sty
Package: lineno 2023/05/20 line numbers on paragraphs v5.3
\linenopenalty=\count357
\output=\toks68
\linenoprevgraf=\count358
\linenumbersep=\dimen281
\linenumberwidth=\dimen282
\c@linenumber=\count359
\c@pagewiselinenumber=\count360
\c@LN@truepage=\count361
\c@internallinenumber=\count362
\c@internallinenumbers=\count363
\quotelinenumbersep=\dimen283
\bframerule=\dimen284
\bframesep=\dimen285
\bframebox=\box76
\linenoamsmath@ams@eqpen=\count364
LaTeX Info: Redefining \\ on input line 3180.
)
\c@FancyVerbWriteLine=\count365
\c@FancyVerbBufferIndex=\count366
\c@FancyVerbBufferLength=\count367
\c@FancyVerbBufferLine=\count368
\c@FV@oldbufferlength=\count369
\c@FV@TrueTabGroupLevel=\count370
\c@FV@TrueTabCounter=\count371
\FV@TabBox@Group=\box77
\FV@TmpLength=\skip80
\c@FV@HighlightLinesStart=\count372
\c@FV@HighlightLinesStop=\count373
\FV@LoopCount=\count374
\FV@NCharsBox=\box78
\FV@BreakIndent=\dimen286
\FV@BreakIndentNChars=\count375
\FV@BreakSymbolSepLeft=\dimen287
\FV@BreakSymbolSepLeftNChars=\count376
\FV@BreakSymbolSepRight=\dimen288
\FV@BreakSymbolSepRightNChars=\count377
\FV@BreakSymbolIndentLeft=\dimen289
\FV@BreakSymbolIndentLeftNChars=\count378
\FV@BreakSymbolIndentRight=\dimen290
\FV@BreakSymbolIndentRightNChars=\count379
\c@FancyVerbLineBreakLast=\count380
\FV@LineBox=\box79
\FV@LineIndentBox=\box80
\c@FV@BreakBufferDepth=\count381
\FV@LineWidth=\dimen291
) (C:\Users\Rodrigo\AppData\Local\Programs\MiKTeX\tex/latex/tools\shellesc.sty
Package: shellesc 2023/07/08 v1.0d unified shell escape interface for LaTeX
Package shellesc Info: Unrestricted shell escape enabled on input line 75.
)
(C:\Users\Rodrigo\AppData\Local\Programs\MiKTeX\tex/latex/ifplatform\ifplatform
.sty
Package: ifplatform 2017/10/13 v0.4a Testing for the operating system

(C:\Users\Rodrigo\AppData\Local\Programs\MiKTeX\tex/generic/pdftexcmds\pdftexcm
ds.sty
Package: pdftexcmds 2020-06-27 v0.33 Utility functions of pdfTeX for LuaTeX (HO
)

(C:\Users\Rodrigo\AppData\Local\Programs\MiKTeX\tex/generic/infwarerr\infwarerr
.sty
Package: infwarerr 2019/12/03 v1.5 Providing info/warning/error messages (HO)
)
Package pdftexcmds Info: \pdf@primitive is available.
Package pdftexcmds Info: \pdf@ifprimitive is available.
Package pdftexcmds Info: \pdfdraftmode found.
)
(C:\Users\Rodrigo\AppData\Local\Programs\MiKTeX\tex/generic/catchfile\catchfile
.sty
Package: catchfile 2019/12/09 v1.8 Catch the contents of a file (HO)

(C:\Users\Rodrigo\AppData\Local\Programs\MiKTeX\tex/generic/etexcmds\etexcmds.s
ty
Package: etexcmds 2019/12/15 v1.7 Avoid name clashes with e-TeX commands (HO)
))
(C:\Users\Rodrigo\AppData\Local\Programs\MiKTeX\tex/generic/iftex\ifluatex.sty
Package: ifluatex 2019/10/25 v1.5 ifluatex legacy package. Use iftex instead.
)) (C:\Users\Rodrigo\AppData\Local\Programs\MiKTeX\tex/latex/xstring\xstring.st
y
(C:\Users\Rodrigo\AppData\Local\Programs\MiKTeX\tex/generic/xstring\xstring.tex
\xs_counta=\count382
\xs_countb=\count383
)
Package: xstring 2023/08/22 v1.86 String manipulations (CT)
) (C:\Users\Rodrigo\AppData\Local\Programs\MiKTeX\tex/latex/framed\framed.sty
Package: framed 2011/10/22 v 0.96: framed or shaded text with page breaks
\OuterFrameSep=\skip81
\fb@frw=\dimen292
\fb@frh=\dimen293
\FrameRule=\dimen294
\FrameSep=\dimen295
) (C:\Users\Rodrigo\AppData\Local\Programs\MiKTeX\tex/latex/float\float.sty
Package: float 2001/11/08 v1.3d Float enhancements (AL)
\c@float@type=\count384
\float@exts=\toks69
\float@box=\box81
\@float@everytoks=\toks70
\@floatcapt=\box82
)
\minted@appexistsfile=\read6
\minted@bgbox=\box83
\minted@code=\write6
\c@minted@FancyVerbLineTemp=\count385
\c@minted@pygmentizecounter=\count386
\@float@every@listing=\toks71
\c@listing=\count387
)
runsystem(if not exist _minted-main mkdir _minted-main)...executed.


(C:\Users\Rodrigo\AppData\Local\Programs\MiKTeX\tex/latex/tcolorbox\tcolorbox.s
ty
Package: tcolorbox 2024/07/10 version 6.3.0 text color boxes
 (C:\Users\Rodrigo\AppData\Local\Programs\MiKTeX\tex/latex/tools\verbatim.sty
Package: verbatim 2024-01-22 v1.5x LaTeX2e package for verbatim enhancements
\every@verbatim=\toks72
\verbatim@line=\toks73
\verbatim@in@stream=\read7
) (C:\Users\Rodrigo\AppData\Local\Programs\MiKTeX\tex/latex/environ\environ.sty
Package: environ 2014/05/04 v0.3 A new way to define environments
)
\tcb@titlebox=\box84
\tcb@upperbox=\box85
\tcb@lowerbox=\box86
\tcb@phantombox=\box87
\c@tcbbreakpart=\count388
\c@tcblayer=\count389
\c@tcolorbox@number=\count390
\l__tcobox_tmpa_box=\box88
\l__tcobox_tmpa_dim=\dimen296
\tcb@temp=\box89
\tcb@temp=\box90
\tcb@temp=\box91
\tcb@temp=\box92
)
(C:\Users\Rodrigo\AppData\Local\Programs\MiKTeX\tex/latex/captdef\captdef.sty
Package: captdef 1998/12/17 non-floating captions
)
(C:\Users\Rodrigo\AppData\Local\Programs\MiKTeX\tex/latex/psfrag\psfrag.sty
Package: psfrag 1998/04/11 v3.04 PSfrag (MCG)
\pfg@pcount=\count391
\pfg@scount=\count392
\pfg@temp=\write7
)
(C:\Users\Rodrigo\AppData\Local\Programs\MiKTeX\tex/latex/tools\multicol.sty
Package: multicol 2024/05/23 v1.9h multicolumn formatting (FMi)
\c@tracingmulticols=\count393
\mult@box=\box93
\multicol@leftmargin=\dimen297
\c@unbalance=\count394
\c@collectmore=\count395
\doublecol@number=\count396
\multicoltolerance=\count397
\multicolpretolerance=\count398
\full@width=\dimen298
\page@free=\dimen299
\premulticols=\dimen300
\postmulticols=\dimen301
\multicolsep=\skip82
\multicolbaselineskip=\skip83
\partial@page=\box94
\last@line=\box95
\mc@boxedresult=\box96
\maxbalancingoverflow=\dimen302
\mult@rightbox=\box97
\mult@grightbox=\box98
\mult@firstbox=\box99
\mult@gfirstbox=\box100
\@tempa=\box101
\@tempa=\box102
\@tempa=\box103
\@tempa=\box104
\@tempa=\box105
\@tempa=\box106
\@tempa=\box107
\@tempa=\box108
\@tempa=\box109
\@tempa=\box110
\@tempa=\box111
\@tempa=\box112
\@tempa=\box113
\@tempa=\box114
\@tempa=\box115
\@tempa=\box116
\@tempa=\box117
\@tempa=\box118
\@tempa=\box119
\@tempa=\box120
\@tempa=\box121
\@tempa=\box122
\@tempa=\box123
\@tempa=\box124
\@tempa=\box125
\@tempa=\box126
\@tempa=\box127
\@tempa=\box128
\@tempa=\box129
\@tempa=\box130
\@tempa=\box131
\@tempa=\box132
\@tempa=\box133
\@tempa=\box134
\@tempa=\box135
\@tempa=\box136
\c@minrows=\count399
\c@columnbadness=\count400
\c@finalcolumnbadness=\count401
\last@try=\dimen303
\multicolovershoot=\dimen304
\multicolundershoot=\dimen305
\mult@nat@firstbox=\box137
\colbreak@box=\box138
\mc@col@check@num=\count402
)
(C:\Users\Rodrigo\AppData\Local\Programs\MiKTeX\tex/latex/wrapfig\wrapfig.sty
\wrapoverhang=\dimen306
\WF@size=\dimen307
\c@WF@wrappedlines=\count403
\WF@box=\box139
\WF@everypar=\toks74
Package: wrapfig 2003/01/31  v 3.6
)
(C:\Users\Rodrigo\AppData\Local\Programs\MiKTeX\tex/latex/cancel\cancel.sty
Package: cancel 2013/04/12 v2.2 Cancel math terms
)

Package xcolor Warning: Package option `usenames' is obsolete and ignored on in
put line 29.


(C:\Users\Rodrigo\AppData\Local\Programs\MiKTeX\tex/latex/graphics\dvipsnam.def
File: dvipsnam.def 2016/06/17 v3.0m Driver-dependent file (DPC,SPQR)
) (C:\Users\Rodrigo\AppData\Local\Programs\MiKTeX\tex/latex/xcolor\svgnam.def
File: svgnam.def 2023/11/15 v3.01 Predefined colors according to SVG 1.1 (UK)
)
(C:\Users\Rodrigo\AppData\Local\Programs\MiKTeX\tex/latex/colortbl\colortbl.sty
Package: colortbl 2024/07/06 v1.0i Color table columns (DPC)
(C:\Users\Rodrigo\AppData\Local\Programs\MiKTeX\tex/latex/tools\array.sty
Package: array 2024/06/14 v2.6d Tabular extension package (FMi)
\col@sep=\dimen308
\ar@mcellbox=\box140
\extrarowheight=\dimen309
\NC@list=\toks75
\extratabsurround=\skip84
\backup@length=\skip85
\ar@cellbox=\box141
)
\everycr=\toks76
\minrowclearance=\skip86
\rownum=\count404
)
(C:\Users\Rodrigo\AppData\Local\Programs\MiKTeX\tex/latex/caption\caption.sty
Package: caption 2023/08/05 v3.6o Customizing captions (AR)

(C:\Users\Rodrigo\AppData\Local\Programs\MiKTeX\tex/latex/caption\caption3.sty
Package: caption3 2023/07/31 v2.4d caption3 kernel (AR)
\caption@tempdima=\dimen310
\captionmargin=\dimen311
\caption@leftmargin=\dimen312
\caption@rightmargin=\dimen313
\caption@width=\dimen314
\caption@indent=\dimen315
\caption@parindent=\dimen316
\caption@hangindent=\dimen317
Package caption Info: Standard document class detected.
)
\c@caption@flags=\count405
\c@continuedfloat=\count406
Package caption Info: float package is loaded.
Package caption Info: wrapfig package is loaded.
)
(C:\Users\Rodrigo\AppData\Local\Programs\MiKTeX\tex/latex/caption\subcaption.st
y
Package: subcaption 2023/07/28 v1.6b Sub-captions (AR)
Package caption Info: New subtype `subfigure' on input line 238.
\c@subfigure=\count407
Package caption Info: New subtype `subtable' on input line 238.
\c@subtable=\count408
)
(C:\Users\Rodrigo\AppData\Local\Programs\MiKTeX\tex/latex/hyperref\hyperref.sty
Package: hyperref 2024-07-10 v7.01j Hypertext links for LaTeX

(C:\Users\Rodrigo\AppData\Local\Programs\MiKTeX\tex/generic/kvdefinekeys\kvdefi
nekeys.sty
Package: kvdefinekeys 2019-12-19 v1.6 Define keys (HO)
)
(C:\Users\Rodrigo\AppData\Local\Programs\MiKTeX\tex/generic/pdfescape\pdfescape
.sty
Package: pdfescape 2019/12/09 v1.15 Implements pdfTeX's escape features (HO)
)
(C:\Users\Rodrigo\AppData\Local\Programs\MiKTeX\tex/latex/hycolor\hycolor.sty
Package: hycolor 2020-01-27 v1.10 Color options for hyperref/bookmark (HO)
)
(C:\Users\Rodrigo\AppData\Local\Programs\MiKTeX\tex/latex/hyperref\nameref.sty
Package: nameref 2023-11-26 v2.56 Cross-referencing by name of section

(C:\Users\Rodrigo\AppData\Local\Programs\MiKTeX\tex/latex/refcount\refcount.sty
Package: refcount 2019/12/15 v3.6 Data extraction from label references (HO)
)
(C:\Users\Rodrigo\AppData\Local\Programs\MiKTeX\tex/generic/gettitlestring\gett
itlestring.sty
Package: gettitlestring 2019/12/15 v1.6 Cleanup title references (HO)
)
\c@section@level=\count409
)
(C:\Users\Rodrigo\AppData\Local\Programs\MiKTeX\tex/generic/stringenc\stringenc
.sty
Package: stringenc 2019/11/29 v1.12 Convert strings between diff. encodings (HO
)
)
\@linkdim=\dimen318
\Hy@linkcounter=\count410
\Hy@pagecounter=\count411

(C:\Users\Rodrigo\AppData\Local\Programs\MiKTeX\tex/latex/hyperref\pd1enc.def
File: pd1enc.def 2024-07-10 v7.01j Hyperref: PDFDocEncoding definition (HO)
Now handling font encoding PD1 ...
... no UTF-8 mapping file for font encoding PD1
)
(C:\Users\Rodrigo\AppData\Local\Programs\MiKTeX\tex/generic/intcalc\intcalc.sty
Package: intcalc 2019/12/15 v1.3 Expandable calculations with integers (HO)
)
\Hy@SavedSpaceFactor=\count412
 (C:\Users\Rodrigo\AppData\Local\Programs\MiKTeX\tex/latex/hyperref\puenc.def
File: puenc.def 2024-07-10 v7.01j Hyperref: PDF Unicode definition (HO)
Now handling font encoding PU ...
... no UTF-8 mapping file for font encoding PU
)
Package hyperref Info: Hyper figures OFF on input line 4157.
Package hyperref Info: Link nesting OFF on input line 4162.
Package hyperref Info: Hyper index ON on input line 4165.
Package hyperref Info: Plain pages OFF on input line 4172.
Package hyperref Info: Backreferencing OFF on input line 4177.
Package hyperref Info: Implicit mode ON; LaTeX internals redefined.
Package hyperref Info: Bookmarks ON on input line 4424.
\c@Hy@tempcnt=\count413
(C:\Users\Rodrigo\AppData\Local\Programs\MiKTeX\tex/latex/url\url.sty
\Urlmuskip=\muskip18
Package: url 2013/09/16  ver 3.4  Verb mode for urls, etc.
)
LaTeX Info: Redefining \url on input line 4763.
\XeTeXLinkMargin=\dimen319

(C:\Users\Rodrigo\AppData\Local\Programs\MiKTeX\tex/generic/bitset\bitset.sty
Package: bitset 2019/12/09 v1.3 Handle bit-vector datatype (HO)

(C:\Users\Rodrigo\AppData\Local\Programs\MiKTeX\tex/generic/bigintcalc\bigintca
lc.sty
Package: bigintcalc 2019/12/15 v1.5 Expandable calculations on big integers (HO
)
))
\Fld@menulength=\count414
\Field@Width=\dimen320
\Fld@charsize=\dimen321
Package hyperref Info: Hyper figures OFF on input line 6042.
Package hyperref Info: Link nesting OFF on input line 6047.
Package hyperref Info: Hyper index ON on input line 6050.
Package hyperref Info: backreferencing OFF on input line 6057.
Package hyperref Info: Link coloring OFF on input line 6062.
Package hyperref Info: Link coloring with OCG OFF on input line 6067.
Package hyperref Info: PDF/A mode OFF on input line 6072.

(C:\Users\Rodrigo\AppData\Local\Programs\MiKTeX\tex/latex/base\atbegshi-ltx.sty
Package: atbegshi-ltx 2021/01/10 v1.0c Emulation of the original atbegshi
package with kernel methods
)
\Hy@abspage=\count415
\c@Item=\count416
\c@Hfootnote=\count417
)
Package hyperref Info: Driver (autodetected): hpdftex.

(C:\Users\Rodrigo\AppData\Local\Programs\MiKTeX\tex/latex/hyperref\hpdftex.def
File: hpdftex.def 2024-07-10 v7.01j Hyperref driver for pdfTeX

(C:\Users\Rodrigo\AppData\Local\Programs\MiKTeX\tex/latex/base\atveryend-ltx.st
y
Package: atveryend-ltx 2020/08/19 v1.0a Emulation of the original atveryend pac
kage
with kernel methods
)
\Fld@listcount=\count418
\c@bookmark@seq@number=\count419

(C:\Users\Rodrigo\AppData\Local\Programs\MiKTeX\tex/latex/rerunfilecheck\rerunf
ilecheck.sty
Package: rerunfilecheck 2022-07-10 v1.10 Rerun checks for auxiliary files (HO)

(C:\Users\Rodrigo\AppData\Local\Programs\MiKTeX\tex/generic/uniquecounter\uniqu
ecounter.sty
Package: uniquecounter 2019/12/15 v1.4 Provide unlimited unique counter (HO)
)
Package uniquecounter Info: New unique counter `rerunfilecheck' on input line 2
85.
)
\Hy@SectionHShift=\skip87
)
Package hyperref Info: Option `colorlinks' set `true' on input line 41.
\c@proposición=\count420
\c@teorema=\count421
\c@definición=\count422
\c@ejemplo=\count423

(C:\Users\Rodrigo\AppData\Local\Programs\MiKTeX\tex/latex/svg\svg.sty
Package: svg 2020/11/26 v2.02k (include SVG pictures)

(C:\Users\Rodrigo\AppData\Local\Programs\MiKTeX\tex/latex/koma-script\scrbase.s
ty
Package: scrbase 2023/07/07 v3.41 KOMA-Script package (KOMA-Script-independent 
basics and keyval usage)

(C:\Users\Rodrigo\AppData\Local\Programs\MiKTeX\tex/latex/koma-script\scrlfile.
sty
Package: scrlfile 2023/07/07 v3.41 KOMA-Script package (file load hooks)

(C:\Users\Rodrigo\AppData\Local\Programs\MiKTeX\tex/latex/koma-script\scrlfile-
hook.sty
Package: scrlfile-hook 2023/07/07 v3.41 KOMA-Script package (using LaTeX hooks)


(C:\Users\Rodrigo\AppData\Local\Programs\MiKTeX\tex/latex/koma-script\scrlogo.s
ty
Package: scrlogo 2023/07/07 v3.41 KOMA-Script package (logo)
)))
Applying: [2021/05/01] Usage of raw or classic option list on input line 252.
Already applied: [0000/00/00] Usage of raw or classic option list on input line
 368.
)
\c@svg@param@lastpage=\count424
\svg@box=\box142
\c@svg@param@currpage=\count425
)
(C:\Users\Rodrigo\AppData\Local\Programs\MiKTeX\tex/latex/transparent\transpare
nt.sty
Package: transparent 2022-10-27 v1.5 Transparency with color stacks

(C:\Users\Rodrigo\AppData\Local\Programs\MiKTeX\tex/latex/transparent\transpare
nt-nometadata.sty
Package: transparent-nometadata 2022-10-27 v1.5 Transparency via pdfTeX's color
 stack (HO)

(C:\Users\Rodrigo\AppData\Local\Programs\MiKTeX\tex/latex/auxhook\auxhook.sty
Package: auxhook 2019-12-17 v1.6 Hooks for auxiliary files (HO)
)))
(C:\Users\Rodrigo\AppData\Local\Programs\MiKTeX\tex/latex/biblatex\biblatex.sty
Package: biblatex 2024/03/21 v3.20 programmable bibliographies (PK/MW)
(C:\Users\Rodrigo\AppData\Local\Programs\MiKTeX\tex/latex/logreq\logreq.sty
Package: logreq 2010/08/04 v1.0 xml request logger
\lrq@indent=\count426

(C:\Users\Rodrigo\AppData\Local\Programs\MiKTeX\tex/latex/logreq\logreq.def
File: logreq.def 2010/08/04 v1.0 logreq spec v1.0
))
\c@tabx@nest=\count427
\c@listtotal=\count428
\c@listcount=\count429
\c@liststart=\count430
\c@liststop=\count431
\c@citecount=\count432
\c@citetotal=\count433
\c@multicitecount=\count434
\c@multicitetotal=\count435
\c@instcount=\count436
\c@maxnames=\count437
\c@minnames=\count438
\c@maxitems=\count439
\c@minitems=\count440
\c@citecounter=\count441
\c@maxcitecounter=\count442
\c@savedcitecounter=\count443
\c@uniquelist=\count444
\c@uniquename=\count445
\c@refsection=\count446
\c@refsegment=\count447
\c@maxextratitle=\count448
\c@maxextratitleyear=\count449
\c@maxextraname=\count450
\c@maxextradate=\count451
\c@maxextraalpha=\count452
\c@abbrvpenalty=\count453
\c@highnamepenalty=\count454
\c@lownamepenalty=\count455
\c@maxparens=\count456
\c@parenlevel=\count457
\blx@tempcnta=\count458
\blx@tempcntb=\count459
\blx@tempcntc=\count460
\c@blx@maxsection=\count461
\blx@maxsegment@0=\count462
\blx@notetype=\count463
\blx@parenlevel@text=\count464
\blx@parenlevel@foot=\count465
\blx@sectionciteorder@0=\count466
\blx@sectionciteorderinternal@0=\count467
\blx@entrysetcounter=\count468
\blx@biblioinstance=\count469
\labelnumberwidth=\skip88
\labelalphawidth=\skip89
\biblabelsep=\skip90
\bibitemsep=\skip91
\bibnamesep=\skip92
\bibinitsep=\skip93
\bibparsep=\skip94
\bibhang=\skip95
\blx@bcfin=\read8
\blx@bcfout=\write8
\blx@langwohyphens=\language80
\c@mincomprange=\count470
\c@maxcomprange=\count471
\c@mincompwidth=\count472
Package biblatex Info: Trying to load biblatex default data model...
Package biblatex Info: ... file 'blx-dm.def' found.

(C:\Users\Rodrigo\AppData\Local\Programs\MiKTeX\tex/latex/biblatex\blx-dm.def
File: blx-dm.def 2024/03/21 v3.20 biblatex datamodel (PK/MW)
)
Package biblatex Info: Trying to load biblatex style data model...
Package biblatex Info: ... file 'numeric.dbx' not found.
Package biblatex Info: Trying to load biblatex custom data model...
Package biblatex Info: ... file 'biblatex-dm.cfg' not found.
\c@afterword=\count473
\c@savedafterword=\count474
\c@annotator=\count475
\c@savedannotator=\count476
\c@author=\count477
\c@savedauthor=\count478
\c@bookauthor=\count479
\c@savedbookauthor=\count480
\c@commentator=\count481
\c@savedcommentator=\count482
\c@editor=\count483
\c@savededitor=\count484
\c@editora=\count485
\c@savededitora=\count486
\c@editorb=\count487
\c@savededitorb=\count488
\c@editorc=\count489
\c@savededitorc=\count490
\c@foreword=\count491
\c@savedforeword=\count492
\c@holder=\count493
\c@savedholder=\count494
\c@introduction=\count495
\c@savedintroduction=\count496
\c@namea=\count497
\c@savednamea=\count498
\c@nameb=\count499
\c@savednameb=\count500
\c@namec=\count501
\c@savednamec=\count502
\c@translator=\count503
\c@savedtranslator=\count504
\c@shortauthor=\count505
\c@savedshortauthor=\count506
\c@shorteditor=\count507
\c@savedshorteditor=\count508
\c@labelname=\count509
\c@savedlabelname=\count510
\c@institution=\count511
\c@savedinstitution=\count512
\c@lista=\count513
\c@savedlista=\count514
\c@listb=\count515
\c@savedlistb=\count516
\c@listc=\count517
\c@savedlistc=\count518
\c@listd=\count519
\c@savedlistd=\count520
\c@liste=\count521
\c@savedliste=\count522
\c@listf=\count523
\c@savedlistf=\count524
\c@location=\count525
\c@savedlocation=\count526
\c@organization=\count527
\c@savedorganization=\count528
\c@origlocation=\count529
\c@savedoriglocation=\count530
\c@origpublisher=\count531
\c@savedorigpublisher=\count532
\c@publisher=\count533
\c@savedpublisher=\count534
\c@language=\count535
\c@savedlanguage=\count536
\c@origlanguage=\count537
\c@savedoriglanguage=\count538
\c@pageref=\count539
\c@savedpageref=\count540
\shorthandwidth=\skip96
\shortjournalwidth=\skip97
\shortserieswidth=\skip98
\shorttitlewidth=\skip99
\shortauthorwidth=\skip100
\shorteditorwidth=\skip101
\locallabelnumberwidth=\skip102
\locallabelalphawidth=\skip103
\localshorthandwidth=\skip104
\localshortjournalwidth=\skip105
\localshortserieswidth=\skip106
\localshorttitlewidth=\skip107
\localshortauthorwidth=\skip108
\localshorteditorwidth=\skip109
Package biblatex Info: Trying to load compatibility code...
Package biblatex Info: ... file 'blx-compat.def' found.

(C:\Users\Rodrigo\AppData\Local\Programs\MiKTeX\tex/latex/biblatex\blx-compat.d
ef
File: blx-compat.def 2024/03/21 v3.20 biblatex compatibility (PK/MW)
)
Package biblatex Info: Trying to load generic definitions...
Package biblatex Info: ... file 'biblatex.def' found.

(C:\Users\Rodrigo\AppData\Local\Programs\MiKTeX\tex/latex/biblatex\biblatex.def
File: biblatex.def 2024/03/21 v3.20 biblatex compatibility (PK/MW)
\c@textcitecount=\count541
\c@textcitetotal=\count542
\c@textcitemaxnames=\count543
\c@biburlbigbreakpenalty=\count544
\c@biburlbreakpenalty=\count545
\c@biburlnumpenalty=\count546
\c@biburlucpenalty=\count547
\c@biburllcpenalty=\count548
\biburlbigskip=\muskip19
\biburlnumskip=\muskip20
\biburlucskip=\muskip21
\biburllcskip=\muskip22
\c@smartand=\count549
)
Package biblatex Info: Trying to load bibliography style 'numeric'...
Package biblatex Info: ... file 'numeric.bbx' found.

(C:\Users\Rodrigo\AppData\Local\Programs\MiKTeX\tex/latex/biblatex/bbx\numeric.
bbx
File: numeric.bbx 2024/03/21 v3.20 biblatex bibliography style (PK/MW)
Package biblatex Info: Trying to load bibliography style 'standard'...
Package biblatex Info: ... file 'standard.bbx' found.

(C:\Users\Rodrigo\AppData\Local\Programs\MiKTeX\tex/latex/biblatex/bbx\standard
.bbx
File: standard.bbx 2024/03/21 v3.20 biblatex bibliography style (PK/MW)
\c@bbx:relatedcount=\count550
\c@bbx:relatedtotal=\count551
))
Package biblatex Info: Trying to load citation style 'numeric'...
Package biblatex Info: ... file 'numeric.cbx' found.

(C:\Users\Rodrigo\AppData\Local\Programs\MiKTeX\tex/latex/biblatex/cbx\numeric.
cbx
File: numeric.cbx 2024/03/21 v3.20 biblatex citation style (PK/MW)
Package biblatex Info: Redefining '\cite'.
Package biblatex Info: Redefining '\parencite'.
Package biblatex Info: Redefining '\footcite'.
Package biblatex Info: Redefining '\footcitetext'.
Package biblatex Info: Redefining '\smartcite'.
Package biblatex Info: Redefining '\supercite'.
Package biblatex Info: Redefining '\textcite'.
Package biblatex Info: Redefining '\textcites'.
Package biblatex Info: Redefining '\cites'.
Package biblatex Info: Redefining '\parencites'.
Package biblatex Info: Redefining '\smartcites'.
)
Package biblatex Info: Trying to load configuration file...
Package biblatex Info: ... file 'biblatex.cfg' found.

(C:\Users\Rodrigo\AppData\Local\Programs\MiKTeX\tex/latex/biblatex\biblatex.cfg
File: biblatex.cfg 
)
Package biblatex Info: Input encoding 'utf8' detected.
Package biblatex Info: Document encoding is UTF8 ....
 (C:\Users\Rodrigo\AppData\Local\Programs\MiKTeX\tex/latex/l3kernel\expl3.sty
Package: expl3 2024-07-20 L3 programming layer (loader) 

(C:\Users\Rodrigo\AppData\Local\Programs\MiKTeX\tex/latex/l3backend\l3backend-p
dftex.def
File: l3backend-pdftex.def 2024-05-08 L3 backend support: PDF output (pdfTeX)
\l__color_backend_stack_int=\count552
\l__pdf_internal_box=\box143
))
Package biblatex Info: ... and expl3
(biblatex)             2024-07-20 L3 programming layer (loader) 
(biblatex)             is new enough (at least 2020/04/06),
(biblatex)             setting 'casechanger=expl3'.

(C:\Users\Rodrigo\AppData\Local\Programs\MiKTeX\tex/latex/biblatex\blx-case-exp
l3.sty
(C:\Users\Rodrigo\AppData\Local\Programs\MiKTeX\tex/latex/l3packages/xparse\xpa
rse.sty
Package: xparse 2024-05-08 L3 Experimental document command parser
)
Package: blx-case-expl3 2024/03/21 v3.20 expl3 case changing code for biblatex
))
runsystem(for ^%i in (pygmentize.exe pygmentize.bat pygmentize.cmd) do set > ma
in.aex <nul: /p x=^%~$PATH:i>> main.aex)...executed.

runsystem(del main.aex)...executed.



Package biblatex Warning: 'babel/polyglossia' detected but 'csquotes' missing.
(biblatex)                Loading 'csquotes' recommended.

\@quotelevel=\count553
\@quotereset=\count554
(main.aux
LaTeX Info: Redefining \. on input line 11.
LaTeX Info: Redefining \% on input line 11.
 (TeX_files/chapter03.aux))
\openout1 = `main.aux'.

LaTeX Font Info:    Checking defaults for OML/cmm/m/it on input line 74.
LaTeX Font Info:    ... okay on input line 74.
LaTeX Font Info:    Checking defaults for OMS/cmsy/m/n on input line 74.
LaTeX Font Info:    ... okay on input line 74.
LaTeX Font Info:    Checking defaults for OT1/cmr/m/n on input line 74.
LaTeX Font Info:    ... okay on input line 74.
LaTeX Font Info:    Checking defaults for T1/cmr/m/n on input line 74.
LaTeX Font Info:    ... okay on input line 74.
LaTeX Font Info:    Checking defaults for TS1/cmr/m/n on input line 74.
LaTeX Font Info:    ... okay on input line 74.
LaTeX Font Info:    Checking defaults for OMX/cmex/m/n on input line 74.
LaTeX Font Info:    ... okay on input line 74.
LaTeX Font Info:    Checking defaults for U/cmr/m/n on input line 74.
LaTeX Font Info:    ... okay on input line 74.
LaTeX Font Info:    Checking defaults for PD1/pdf/m/n on input line 74.
LaTeX Font Info:    ... okay on input line 74.
LaTeX Font Info:    Checking defaults for PU/pdf/m/n on input line 74.
LaTeX Font Info:    ... okay on input line 74.

*geometry* driver: auto-detecting
*geometry* detected driver: pdftex
*geometry* verbose mode - [ preamble ] result:
* driver: pdftex
* paper: a4paper
* layout: <same size as paper>
* layoutoffset:(h,v)=(0.0pt,0.0pt)
* modes: twoside 
* h-part:(L,W,R)=(56.9055pt, 483.69687pt, 56.9055pt)
* v-part:(T,H,B)=(56.9055pt, 731.23584pt, 56.9055pt)
* \paperwidth=597.50787pt
* \paperheight=845.04684pt
* \textwidth=483.69687pt
* \textheight=731.23584pt
* \oddsidemargin=-15.36449pt
* \evensidemargin=-15.36449pt
* \topmargin=-47.23828pt
* \headheight=12.0pt
* \headsep=19.8738pt
* \topskip=11.0pt
* \footskip=27.46295pt
* \marginparwidth=106.0pt
* \marginparsep=7.0pt
* \columnsep=10.0pt
* \skip\footins=10.0pt plus 4.0pt minus 2.0pt
* \hoffset=0.0pt
* \voffset=0.0pt
* \mag=1000
* \@twocolumnfalse
* \@twosidetrue
* \@mparswitchtrue
* \@reversemarginfalse
* (1in=72.27pt=25.4mm, 1cm=28.453pt)

LaTeX Info: Redefining \. on input line 74.
LaTeX Info: Redefining \% on input line 74.

(C:\Users\Rodrigo\AppData\Local\Programs\MiKTeX\tex/context/base/mkii\supp-pdf.
mkii
[Loading MPS to PDF converter (version 2006.09.02).]
\scratchcounter=\count555
\scratchdimen=\dimen322
\scratchbox=\box144
\nofMPsegments=\count556
\nofMParguments=\count557
\everyMPshowfont=\toks77
\MPscratchCnt=\count558
\MPscratchDim=\dimen323
\MPnumerator=\count559
\makeMPintoPDFobject=\count560
\everyMPtoPDFconversion=\toks78
)
(C:\Users\Rodrigo\AppData\Local\Programs\MiKTeX\tex/latex/epstopdf-pkg\epstopdf
-base.sty
Package: epstopdf-base 2020-01-24 v2.11 Base part for package epstopdf
Package epstopdf-base Info: Redefining graphics rule for `.eps' on input line 4
85.

(C:\Users\Rodrigo\AppData\Local\Programs\MiKTeX\tex/latex/00miktex\epstopdf-sys
.cfg
File: epstopdf-sys.cfg 2021/03/18 v2.0 Configuration of epstopdf for MiKTeX
))
Package caption Info: Begin \AtBeginDocument code.
Package caption Info: hyperref package is loaded.
Package caption Info: End \AtBeginDocument code.
Package hyperref Info: Link coloring ON on input line 74.
 (main.out) (main.out)
\@outlinefile=\write9
\openout9 = `main.out'.

Package biblatex Info: Trying to load language 'spanish'...
Package biblatex Info: ... file 'spanish.lbx' found.

(C:\Users\Rodrigo\AppData\Local\Programs\MiKTeX\tex/latex/biblatex/lbx\spanish.
lbx
File: spanish.lbx 2024/03/21 v3.20 biblatex localization (PK/MW)
)
Package biblatex Info: Input encoding 'utf8' detected.
Package biblatex Info: Automatic encoding selection.
(biblatex)             Assuming data encoding 'utf8'.
\openout8 = `main.bcf'.

Package biblatex Info: Trying to load bibliographic data...
Package biblatex Info: ... file 'main.bbl' found.
 (main.bbl)
Package biblatex Info: Reference section=0 on input line 74.
Package biblatex Info: Reference segment=0 on input line 74.
*geometry* verbose mode - [ newgeometry ] result:
* driver: pdftex
* paper: a4paper
* layout: <same size as paper>
* layoutoffset:(h,v)=(0.0pt,0.0pt)
* modes: twoside 
* h-part:(L,W,R)=(85.35826pt, 426.79135pt, 85.35826pt)
* v-part:(T,H,B)=(56.9055pt, 717.00946pt, 71.13188pt)
* \paperwidth=597.50787pt
* \paperheight=845.04684pt
* \textwidth=426.79135pt
* \textheight=717.00946pt
* \oddsidemargin=13.08827pt
* \evensidemargin=13.08827pt
* \topmargin=-47.23828pt
* \headheight=12.0pt
* \headsep=19.8738pt
* \topskip=11.0pt
* \footskip=27.46295pt
* \marginparwidth=106.0pt
* \marginparsep=7.0pt
* \columnsep=10.0pt
* \skip\footins=10.0pt plus 4.0pt minus 2.0pt
* \hoffset=0.0pt
* \voffset=0.0pt
* \mag=1000
* \@twocolumnfalse
* \@twosidetrue
* \@mparswitchtrue
* \@reversemarginfalse
* (1in=72.27pt=25.4mm, 1cm=28.453pt)

<Escudo-UNAM.pdf, id=66, 300.51309pt x 337.88977pt>
File: Escudo-UNAM.pdf Graphic file (type pdf)
<use Escudo-UNAM.pdf>
Package pdftex.def Info: Escudo-UNAM.pdf  used on input line 79.
(pdftex.def)             Requested size: 68.77722pt x 77.33466pt.
LaTeX Font Info:    Trying to load font information for U+msa on input line 79.


(C:\Users\Rodrigo\AppData\Local\Programs\MiKTeX\tex/latex/amsfonts\umsa.fd
File: umsa.fd 2013/01/14 v3.01 AMS symbols A
)
LaTeX Font Info:    Trying to load font information for U+msb on input line 79.


(C:\Users\Rodrigo\AppData\Local\Programs\MiKTeX\tex/latex/amsfonts\umsb.fd
File: umsb.fd 2013/01/14 v3.01 AMS symbols B
)
<Escudo-FCIENCIAS.pdf, id=67, 359.74399pt x 411.136pt>
File: Escudo-FCIENCIAS.pdf Graphic file (type pdf)
<use Escudo-FCIENCIAS.pdf>
Package pdftex.def Info: Escudo-FCIENCIAS.pdf  used on input line 79.
(pdftex.def)             Requested size: 67.66591pt x 77.33466pt.

Underfull \hbox (badness 10000) detected at line 79
\OT1/cmr/bx/n/14.4 T E S I S
 []


Underfull \hbox (badness 10000) detected at line 79
\OT1/cmr/m/n/10.95 P R E S E N T A :
 []



[1
Non-PDF special ignored!
<special> header=psfrag.pro




{C:/Users/Rodrigo/AppData/Local/MiKTeX/fonts/map/pdftex/pdftex.map} <./Escudo-U
NAM.pdf> <./Escudo-FCIENCIAS.pdf

pdfTeX warning: pdflatex.exe (file ./Escudo-FCIENCIAS.pdf): PDF inclusion: mult
iple pdfs with page group included in a single page
>]

[2]

[3

]

LaTeX Info: Redefining \. on input line 88.
LaTeX Info: Redefining \% on input line 88.
[4

]

[5]

LaTeX Info: Redefining \. on input line 90.
LaTeX Info: Redefining \% on input line 90.
[6

] (main.toc
LaTeX Info: Redefining \sptext on input line 1.
LaTeX Info: Redefining \. on input line 1.
LaTeX Info: Redefining \% on input line 1.


LaTeX Font Warning: Font shape `OT1/cmr/bx/sc' undefined
(Font)              using `OT1/cmr/bx/n' instead on input line 2.


Package spanish Warning: Replacing `OT1/cmr/bx/sc' by 
(spanish)                faked small caps on input line 2.


Package spanish Warning: Replacing `OT1/cmr/bx/sc' by 
(spanish)                faked small caps on input line 3.

)
\tf@toc=\write10
\openout10 = `main.toc'.



[7]

LaTeX Info: Redefining \. on input line 91.
LaTeX Info: Redefining \% on input line 91.
[8

] (main.lof
LaTeX Info: Redefining \sptext on input line 1.
LaTeX Info: Redefining \. on input line 1.
LaTeX Info: Redefining \% on input line 1.


LaTeX Warning: Reference `eqn:LKextendida' on page \es@scroman {ix} undefined o
n input line 5.


Underfull \vbox (badness 10000) has occurred while \output is active []



[9]

LaTeX Info: Redefining \sptext on input line 33.
LaTeX Info: Redefining \. on input line 33.
LaTeX Info: Redefining \% on input line 33.
[10])
\tf@lof=\write11
\openout11 = `main.lof'.



LaTeX Info: Redefining \. on input line 92.
LaTeX Info: Redefining \% on input line 92.
[11]

LaTeX Info: Redefining \. on input line 92.
LaTeX Info: Redefining \% on input line 92.
[12

] (main.lot
LaTeX Info: Redefining \sptext on input line 1.
LaTeX Info: Redefining \. on input line 1.
LaTeX Info: Redefining \% on input line 1.
)
\tf@lot=\write12
\openout12 = `main.lot'.



[13]

LaTeX Info: Redefining \. on input line 93.
LaTeX Info: Redefining \% on input line 93.
[14

] (main.loa)
\tf@loa=\write13
\openout13 = `main.loa'.



[15]

LaTeX Info: Redefining \. on input line 97.
LaTeX Info: Redefining \% on input line 97.
[16

]
\openout2 = `./TeX_files/chapter03.aux'.

 (TeX_files/chapter03.tex
Cap\'{\i }tulo 1.

LaTeX Warning: Reference `eqn:LK' on page 1 undefined on input line 3.


LaTeX Warning: Reference `eqn:MatrizIncidencias' on page 1 undefined on input l
ine 3.


LaTeX Warning: Reference `eqn:MatrizJacobiana' on page 1 undefined on input lin
e 3.


LaTeX Warning: Reference `prop:paramMay' on page 1 undefined on input line 3.


LaTeX Warning: Reference `eqn:radioMayGirko' on page 1 undefined on input line 
3.


LaTeX Warning: Reference `eqn:LK' on page 1 undefined on input line 5.


LaTeX Warning: Reference `ch:Ap' on page 1 undefined on input line 7.


Underfull \hbox (badness 10000) in paragraph at lines 3--8

 []


Underfull \hbox (badness 10000) in paragraph at lines 3--8

 []



[1


]

LaTeX Warning: Reference `eqn:MatrizJacobiana' on page 2 undefined on input lin
e 11.


LaTeX Warning: Reference `eqn:LKextendida' on page 2 undefined on input line 11
.


LaTeX Warning: Reference `eg:2x2' on page 2 undefined on input line 11.

<../Imagenes/Seriesdetiempopositiva.png, id=286, 2107.875pt x 1003.75pt>
File: ../Imagenes/Seriesdetiempopositiva.png Graphic file (type png)
<use ../Imagenes/Seriesdetiempopositiva.png>
Package pdftex.def Info: ../Imagenes/Seriesdetiempopositiva.png  used on input 
line 14.
(pdftex.def)             Requested size: 484.80106pt x 230.85764pt.

Overfull \hbox (1.10419pt too wide) in paragraph at lines 14--15
 [][] 
 []


LaTeX Warning: Reference `eqn:LKextendida' on page 2 undefined on input line 15
.


LaTeX Warning: Reference `eqn:LKextendida' on page 2 undefined on input line 15
.


LaTeX Warning: Reference `eqn:LKextendida' on page 2 undefined on input line 19
.


LaTeX Warning: Reference `eqn:LKextendida' on page 2 undefined on input line 22
.


LaTeX Warning: Reference `eg:2x2CoopyDemás' on page 2 undefined on input line 
24.


LaTeX Warning: Reference `fig:CooperacionEspecies' on page 2 undefined on input
 line 24.

<../Imagenes/Series de Tiempo LK100.png, id=287, 2107.875pt x 1003.75pt>
File: ../Imagenes/Series de Tiempo LK100.png Graphic file (type png)
<use ../Imagenes/Series de Tiempo LK100.png>
Package pdftex.def Info: ../Imagenes/Series de Tiempo LK100.png  used on input 
line 27.
(pdftex.def)             Requested size: 484.80106pt x 230.85764pt.

Overfull \hbox (1.10419pt too wide) in paragraph at lines 27--28
 [][] 
 []


Underfull \hbox (badness 10000) in paragraph at lines 19--31

 []


Underfull \hbox (badness 10000) in paragraph at lines 19--31

 []



LaTeX Info: Redefining \. on input line 31.
LaTeX Info: Redefining \% on input line 31.
[2 <../Imagenes/Seriesdetiempopositiva.png>]

LaTeX Info: Redefining \. on input line 31.
LaTeX Info: Redefining \% on input line 31.
[3 <../Imagenes/Series de Tiempo LK100.png>]

LaTeX Warning: Reference `subsec:PuntosFijos' on page 4 undefined on input line
 37.

<../Imagenes/PuntoFijoCompetencia.png, id=298, 1806.75pt x 1405.25pt>
File: ../Imagenes/PuntoFijoCompetencia.png Graphic file (type png)
<use ../Imagenes/PuntoFijoCompetencia.png>
Package pdftex.def Info: ../Imagenes/PuntoFijoCompetencia.png  used on input li
ne 39.
(pdftex.def)             Requested size: 234.88574pt x 182.6889pt.

LaTeX Warning: Reference `eqn:EcsPuntoFijo' on page 4 undefined on input line 4
6.


LaTeX Warning: Command \textasciiacute invalid in math mode on input line 49.


LaTeX Warning: Command \textasciiacute invalid in math mode on input line 49.

Missing character: There is no  in font cmr8!
<../Imagenes/PuntoFijoCoop1.png, id=303, 3011.25pt x 1405.25pt>
File: ../Imagenes/PuntoFijoCoop1.png Graphic file (type png)
<use ../Imagenes/PuntoFijoCoop1.png>
Package pdftex.def Info: ../Imagenes/PuntoFijoCoop1.png  used on input line 52.

(pdftex.def)             Requested size: 481.80984pt x 224.84459pt.

Underfull \hbox (badness 10000) in paragraph at lines 45--56

 []



LaTeX Info: Redefining \. on input line 56.
LaTeX Info: Redefining \% on input line 56.
[4 <../Imagenes/PuntoFijoCompetencia.png>]
<../Imagenes/PuntoFijoCoop2.png, id=308, 3011.25pt x 1405.25pt>
File: ../Imagenes/PuntoFijoCoop2.png Graphic file (type png)
<use ../Imagenes/PuntoFijoCoop2.png>
Package pdftex.def Info: ../Imagenes/PuntoFijoCoop2.png  used on input line 59.

(pdftex.def)             Requested size: 481.80984pt x 224.84459pt.
<../Imagenes/PuntoFijoCoop3.png, id=309, 3011.25pt x 1405.25pt>
File: ../Imagenes/PuntoFijoCoop3.png Graphic file (type png)
<use ../Imagenes/PuntoFijoCoop3.png>
Package pdftex.def Info: ../Imagenes/PuntoFijoCoop3.png  used on input line 67.

(pdftex.def)             Requested size: 481.80984pt x 224.84459pt.

Underfull \hbox (badness 10000) in paragraph at lines 63--71

 []



LaTeX Info: Redefining \. on input line 71.
LaTeX Info: Redefining \% on input line 71.
[5 <../Imagenes/PuntoFijoCoop1.png> <../Imagenes/PuntoFijoCoop2.png>]

LaTeX Warning: Reference `subsec:PuntosFijos' on page 6 undefined on input line
 72.


LaTeX Warning: Reference `eqn:MatrizJacobiana' on page 6 undefined on input lin
e 74.


Underfull \hbox (badness 10000) in paragraph at lines 72--75

 []



LaTeX Info: Redefining \. on input line 75.
LaTeX Info: Redefining \% on input line 75.
[6 <../Imagenes/PuntoFijoCoop3.png>]

LaTeX Warning: Reference `eqn:MatrizJacobiana' on page 7 undefined on input lin
e 79.

<../Imagenes/julia-logo-color.png, id=324, 321.2pt x 200.75pt>
File: ../Imagenes/julia-logo-color.png Graphic file (type png)
<use ../Imagenes/julia-logo-color.png>
Package pdftex.def Info: ../Imagenes/julia-logo-color.png  used on input line 8
2.
(pdftex.def)             Requested size: 21.02086pt x 13.14pt.
\openout5 = `main.pyg'.

(_minted-main/default.pygstyle)
(_minted-main/A5140291610043C105F8BA3198EDF5B5228C163F5D4C4DD96BE66FA41258E0CF.
pygtex
LaTeX Font Info:    Font shape `OT1/cmtt/bx/n' in size <10.95> not available
(Font)              Font shape `OT1/cmtt/m/n' tried instead on input line 2.
)
Underfull \hbox (badness 10000) in paragraph at lines 79--94

 []

\openout5 = `main.pyg'.


(_minted-main/B884E593BDC07CD7DCDD60757CD0FCE7228C163F5D4C4DD96BE66FA41258E0CF.
pygtex)
Underfull \vbox (badness 10000) has occurred while \output is active []



LaTeX Info: Redefining \. on input line 110.
LaTeX Info: Redefining \% on input line 110.
[7{C:/Users/Rodrigo/AppData/Local/Programs/MiKTeX/fonts/enc/dvips/cm-super/cm-s
uper-ts1.enc} <../Imagenes/julia-logo-color.png>]
<../Imagenes/DistDiagonal.png, id=335, 3011.25pt x 1304.875pt>
File: ../Imagenes/DistDiagonal.png Graphic file (type png)
<use ../Imagenes/DistDiagonal.png>
Package pdftex.def Info: ../Imagenes/DistDiagonal.png  used on input line 118.
(pdftex.def)             Requested size: 481.80984pt x 208.78426pt.


LaTeX Warning: Reference `prop:DiagonalI' on page 8 undefined on input line 123
.


LaTeX Warning: Reference `prop:paramMay' on page 8 undefined on input line 123.



LaTeX Warning: Reference `eqn:radioMayGirko' on page 8 undefined on input line 
123.

<../Imagenes/DistEigenvalores.png, id=337, 2007.5pt x 1806.75pt>
File: ../Imagenes/DistEigenvalores.png Graphic file (type png)
<use ../Imagenes/DistEigenvalores.png>
Package pdftex.def Info: ../Imagenes/DistEigenvalores.png  used on input line 1
30.
(pdftex.def)             Requested size: 481.80984pt x 433.62886pt.


LaTeX Info: Redefining \. on input line 134.
LaTeX Info: Redefining \% on input line 134.
[8 <../Imagenes/DistDiagonal.png>]
<../Imagenes/LeyesCirculares.png, id=344, 3011.25pt x 1405.25pt>
File: ../Imagenes/LeyesCirculares.png Graphic file (type png)
<use ../Imagenes/LeyesCirculares.png>
Package pdftex.def Info: ../Imagenes/LeyesCirculares.png  used on input line 14
1.
(pdftex.def)             Requested size: 511.90573pt x 238.88934pt.

Overfull \hbox (28.20886pt too wide) in paragraph at lines 141--142
 [][] 
 []


Underfull \hbox (badness 10000) in paragraph at lines 135--145

 []



LaTeX Info: Redefining \. on input line 145.
LaTeX Info: Redefining \% on input line 145.
[9 <../Imagenes/DistEigenvalores.png>]
<../Imagenes/LeyCircularParticular.png, id=350, 1806.75pt x 1405.25pt>
File: ../Imagenes/LeyCircularParticular.png Graphic file (type png)
<use ../Imagenes/LeyCircularParticular.png>
Package pdftex.def Info: ../Imagenes/LeyCircularParticular.png  used on input l
ine 148.
(pdftex.def)             Requested size: 234.88574pt x 182.6889pt.


LaTeX Warning: Reference `prop:DiagonalI' on page 10 undefined on input line 15
5.


LaTeX Warning: Reference `proof1:paramEstabilidad' on page 10 undefined on inpu
t line 155.



LaTeX Info: Redefining \. on input line 156.
LaTeX Info: Redefining \% on input line 156.
[10 <../Imagenes/LeyesCirculares.png> <../Imagenes/LeyCircularParticular.png>]

Package hyperref Warning: Token not allowed in a PDF string (Unicode):
(hyperref)                removing `math shift' on input line 157.


Package hyperref Warning: Token not allowed in a PDF string (Unicode):
(hyperref)                removing `math shift' on input line 157.



LaTeX Info: Redefining \. on input line 178.
LaTeX Info: Redefining \% on input line 178.
[11]
<../Imagenes/ReEvs-Diagonales.png, id=371, 2409.0pt x 1405.25pt>
File: ../Imagenes/ReEvs-Diagonales.png Graphic file (type png)
<use ../Imagenes/ReEvs-Diagonales.png>
Package pdftex.def Info: ../Imagenes/ReEvs-Diagonales.png  used on input line 1
81.
(pdftex.def)             Requested size: 481.79147pt x 281.04501pt.

Underfull \hbox (badness 10000) in paragraph at lines 186--190

 []



LaTeX Info: Redefining \. on input line 190.
LaTeX Info: Redefining \% on input line 190.
[12 <../Imagenes/ReEvs-Diagonales.png>]
<../Imagenes/RadsDiagsGersh.png, id=378, 1606.0pt x 1405.25pt>
File: ../Imagenes/RadsDiagsGersh.png Graphic file (type png)
<use ../Imagenes/RadsDiagsGersh.png>
Package pdftex.def Info: ../Imagenes/RadsDiagsGersh.png  used on input line 192
.
(pdftex.def)             Requested size: 208.78732pt x 182.6889pt.


LaTeX Warning: Reference `eqn:MatrizJacobiana' on page 13 undefined on input li
ne 199.

<../Imagenes/AjustesLinMeds.png, id=385, 3212.0pt x 1204.5pt>
File: ../Imagenes/AjustesLinMeds.png Graphic file (type png)
<use ../Imagenes/AjustesLinMeds.png>
Package pdftex.def Info: ../Imagenes/AjustesLinMeds.png  used on input line 203
.
(pdftex.def)             Requested size: 513.93051pt x 192.72394pt.

Overfull \hbox (30.23364pt too wide) in paragraph at lines 203--204
 [][] 
 []

<../Imagenes/CoeficientesCorrelacionN.png, id=390, 1806.75pt x 1405.25pt>
File: ../Imagenes/CoeficientesCorrelacionN.png Graphic file (type png)
<use ../Imagenes/CoeficientesCorrelacionN.png>
Package pdftex.def Info: ../Imagenes/CoeficientesCorrelacionN.png  used on inpu
t line 215.
(pdftex.def)             Requested size: 361.3436pt x 281.04501pt.

Underfull \hbox (badness 10000) in paragraph at lines 208--219

 []


Underfull \hbox (badness 10000) in paragraph at lines 208--219

 []



LaTeX Info: Redefining \. on input line 219.
LaTeX Info: Redefining \% on input line 219.
[13 <../Imagenes/RadsDiagsGersh.png> <../Imagenes/AjustesLinMeds.png>]
<../Imagenes/AnomaliaSim11.png, id=398, 1806.75pt x 1405.25pt>
File: ../Imagenes/AnomaliaSim11.png Graphic file (type png)
<use ../Imagenes/AnomaliaSim11.png>
Package pdftex.def Info: ../Imagenes/AnomaliaSim11.png  used on input line 222.

(pdftex.def)             Requested size: 243.90073pt x 189.70056pt.

Overfull \hbox (2.05229pt too wide) in paragraph at lines 222--223
 [] 
 []



LaTeX Info: Redefining \. on input line 228.
LaTeX Info: Redefining \% on input line 228.
[14 <../Imagenes/CoeficientesCorrelacionN.png>]

LaTeX Warning: Reference `prop:DiagonalI' on page 15 undefined on input line 23
3.


LaTeX Warning: Reference `prop:paramMay' on page 15 undefined on input line 233
.


LaTeX Warning: Reference `prop:paramMay' on page 15 undefined on input line 235
.


LaTeX Warning: Reference `eqn:MatrizJacobiana' on page 15 undefined on input li
ne 235.


Underfull \hbox (badness 10000) in paragraph at lines 233--236

 []



LaTeX Info: Redefining \. on input line 237.
LaTeX Info: Redefining \% on input line 237.
[15 <../Imagenes/AnomaliaSim11.png>]

LaTeX Warning: Reference `eqn:LK' on page 16 undefined on input line 242.


Underfull \hbox (badness 10000) in paragraph at lines 253--269

 []


Overfull \hbox (1.7841pt too wide) in paragraph at lines 253--269
\OT1/cmr/m/n/10.95 Teniendo las par-ti-cio-nes y los ajus-tes de par^^Same-tros
 ne-ce-sa-rios pa-ra ge-ne-rar los dia-gra-mas de transici^^Son,
 []



LaTeX Info: Redefining \. on input line 269.
LaTeX Info: Redefining \% on input line 269.
[16]
Underfull \hbox (badness 10000) in paragraph at lines 270--281

 []


Underfull \hbox (badness 10000) in paragraph at lines 270--281

 []


Package hyperref Warning: Token not allowed in a PDF string (Unicode):
(hyperref)                removing `math shift' on input line 283.


Package hyperref Warning: Token not allowed in a PDF string (Unicode):
(hyperref)                removing `math shift' on input line 283.

<../Imagenes/EstabilidadLKpLin.png, id=420, 1806.75pt x 1204.5pt>
File: ../Imagenes/EstabilidadLKpLin.png Graphic file (type png)
<use ../Imagenes/EstabilidadLKpLin.png>
Package pdftex.def Info: ../Imagenes/EstabilidadLKpLin.png  used on input line 
290.
(pdftex.def)             Requested size: 361.3436pt x 240.89574pt.

Underfull \vbox (badness 1072) has occurred while \output is active []



LaTeX Info: Redefining \. on input line 294.
LaTeX Info: Redefining \% on input line 294.
[17]

LaTeX Warning: Reference `fig:TransicionMayDirLin' on page 18 undefined on inpu
t line 295.



LaTeX Info: Redefining \. on input line 296.
LaTeX Info: Redefining \% on input line 296.
[18 <../Imagenes/EstabilidadLKpLin.png>]

LaTeX Warning: Reference `fig:TransicionMayDirLog' on page 19 undefined on inpu
t line 297.

<../Imagenes/EstabilidadLKpLog.png, id=432, 1806.75pt x 1204.5pt>
File: ../Imagenes/EstabilidadLKpLog.png Graphic file (type png)
<use ../Imagenes/EstabilidadLKpLog.png>
Package pdftex.def Info: ../Imagenes/EstabilidadLKpLog.png  used on input line 
300.
(pdftex.def)             Requested size: 361.3436pt x 240.89574pt.
<../Imagenes/Heuristico.png, id=433, 1606.0pt x 1204.5pt>
File: ../Imagenes/Heuristico.png Graphic file (type png)
<use ../Imagenes/Heuristico.png>
Package pdftex.def Info: ../Imagenes/Heuristico.png  used on input line 307.
(pdftex.def)             Requested size: 216.80064pt x 162.60048pt.

LaTeX Warning: Reference `eqn:LK' on page 19 undefined on input line 318.


Underfull \hbox (badness 10000) in paragraph at lines 317--319

 []

<../Imagenes/Heuristico2.png, id=439, 1606.0pt x 1204.5pt>
File: ../Imagenes/Heuristico2.png Graphic file (type png)
<use ../Imagenes/Heuristico2.png>
Package pdftex.def Info: ../Imagenes/Heuristico2.png  used on input line 321.
(pdftex.def)             Requested size: 216.80064pt x 162.60048pt.


LaTeX Info: Redefining \. on input line 328.
LaTeX Info: Redefining \% on input line 328.
[19 <../Imagenes/EstabilidadLKpLog.png> <../Imagenes/Heuristico.png>]
<../Imagenes/ComparacionIncidenciasp.png, id=448, 3212.0pt x 1204.5pt>
File: ../Imagenes/ComparacionIncidenciasp.png Graphic file (type png)
<use ../Imagenes/ComparacionIncidenciasp.png>
Package pdftex.def Info: ../Imagenes/ComparacionIncidenciasp.png  used on input
 line 331.
(pdftex.def)             Requested size: 513.93051pt x 192.72394pt.

Overfull \hbox (30.23364pt too wide) in paragraph at lines 331--332
 [][] 
 []



LaTeX Info: Redefining \. on input line 335.
LaTeX Info: Redefining \% on input line 335.
[20 <../Imagenes/Heuristico2.png> <../Imagenes/ComparacionIncidenciasp.png>]
\openout5 = `main.pyg'.


(_minted-main/09CA65C6AA01FA7A839EB3A407B71682228C163F5D4C4DD96BE66FA41258E0CF.
pygtex)
<../Imagenes/ComparacionLKMay.png, id=457, 3212.0pt x 1204.5pt>
File: ../Imagenes/ComparacionLKMay.png Graphic file (type png)
<use ../Imagenes/ComparacionLKMay.png>
Package pdftex.def Info: ../Imagenes/ComparacionLKMay.png  used on input line 3
54.
(pdftex.def)             Requested size: 513.93051pt x 192.72394pt.

Overfull \hbox (30.23364pt too wide) in paragraph at lines 354--355
 [][] 
 []



LaTeX Info: Redefining \. on input line 360.
LaTeX Info: Redefining \% on input line 360.
[21 <../Imagenes/ComparacionLKMay.png>]
<../Imagenes/ComparacionLKMayESim.png, id=464, 3212.0pt x 1204.5pt>
File: ../Imagenes/ComparacionLKMayESim.png Graphic file (type png)
<use ../Imagenes/ComparacionLKMayESim.png>
Package pdftex.def Info: ../Imagenes/ComparacionLKMayESim.png  used on input li
ne 363.
(pdftex.def)             Requested size: 513.93051pt x 192.72394pt.

Overfull \hbox (30.23364pt too wide) in paragraph at lines 363--364
 [][] 
 []

<../Imagenes/EstabilidadLKσLin.png, id=469, 1806.75pt x 1204.5pt>
File: ../Imagenes/EstabilidadLKσLin.png Graphic file (type png)
<use ../Imagenes/EstabilidadLKσLin.png>
Package pdftex.def Info: ../Imagenes/EstabilidadLKσLin.png  used on input line
 375.
(pdftex.def)             Requested size: 361.3436pt x 240.89574pt.

Underfull \hbox (badness 10000) in paragraph at lines 370--379

 []


LaTeX Warning: `!h' float specifier changed to `!ht'.


Underfull \hbox (badness 10000) in paragraph at lines 380--385

 []


Underfull \hbox (badness 10000) in paragraph at lines 380--385

 []



LaTeX Info: Redefining \. on input line 385.
LaTeX Info: Redefining \% on input line 385.
[22 <../Imagenes/ComparacionLKMayESim.png>]

LaTeX Info: Redefining \. on input line 385.
LaTeX Info: Redefining \% on input line 385.
[23 <../Imagenes/EstabilidadLKσLin.png>]
<../Imagenes/ComparacionIncidenciasσ.png, id=481, 2007.5pt x 1003.75pt>
File: ../Imagenes/ComparacionIncidenciasσ.png Graphic file (type png)
<use ../Imagenes/ComparacionIncidenciasσ.png>
Package pdftex.def Info: ../Imagenes/ComparacionIncidenciasσ.png  used on inpu
t line 388.
(pdftex.def)             Requested size: 441.65137pt x 220.82568pt.


LaTeX Warning: Reference `eqn:MatrizJacobiana' on page 24 undefined on input li
ne 393.

<../Imagenes/ComparacionLKMayσ.png, id=484, 3212.0pt x 1204.5pt>
File: ../Imagenes/ComparacionLKMayσ.png Graphic file (type png)
<use ../Imagenes/ComparacionLKMayσ.png>
Package pdftex.def Info: ../Imagenes/ComparacionLKMayσ.png  used on input line
 396.
(pdftex.def)             Requested size: 513.93051pt x 192.72394pt.

Overfull \hbox (30.23364pt too wide) in paragraph at lines 396--397
 [][] 
 []



LaTeX Info: Redefining \. on input line 400.
LaTeX Info: Redefining \% on input line 400.
[24 <../Imagenes/ComparacionIncidenciasσ.png> <../Imagenes/ComparacionLKMayσ.
png>]

Package hyperref Warning: Token not allowed in a PDF string (Unicode):
(hyperref)                removing `math shift' on input line 403.


Package hyperref Warning: Token not allowed in a PDF string (Unicode):
(hyperref)                removing `math shift' on input line 403.


LaTeX Warning: Reference `eqn:LK' on page 25 undefined on input line 407.

<../Imagenes/EstabilidadLKp50.png, id=492, 3011.25pt x 1204.5pt>
File: ../Imagenes/EstabilidadLKp50.png Graphic file (type png)
<use ../Imagenes/EstabilidadLKp50.png>
Package pdftex.def Info: ../Imagenes/EstabilidadLKp50.png  used on input line 4
10.
(pdftex.def)             Requested size: 481.80984pt x 192.72394pt.
<../Imagenes/EstabilidadLKσ50.png, id=495, 1806.75pt x 1204.5pt>
File: ../Imagenes/EstabilidadLKσ50.png Graphic file (type png)
<use ../Imagenes/EstabilidadLKσ50.png>
Package pdftex.def Info: ../Imagenes/EstabilidadLKσ50.png  used on input line 
422.
(pdftex.def)             Requested size: 361.3436pt x 240.89574pt.


LaTeX Info: Redefining \. on input line 426.
LaTeX Info: Redefining \% on input line 426.
[25 <../Imagenes/EstabilidadLKp50.png>]

Package hyperref Warning: Token not allowed in a PDF string (Unicode):
(hyperref)                removing `math shift' on input line 427.


Package hyperref Warning: Token not allowed in a PDF string (Unicode):
(hyperref)                removing `math shift' on input line 427.


LaTeX Warning: Reference `prop:paramMay' on page 26 undefined on input line 431
.


LaTeX Warning: Reference `eqn:radioMayGirko' on page 26 undefined on input line
 431.

<../Imagenes/EstabilidadLKp25.png, id=504, 3011.25pt x 1204.5pt>
File: ../Imagenes/EstabilidadLKp25.png Graphic file (type png)
<use ../Imagenes/EstabilidadLKp25.png>
Package pdftex.def Info: ../Imagenes/EstabilidadLKp25.png  used on input line 4
35.
(pdftex.def)             Requested size: 481.80984pt x 192.72394pt.

LaTeX Warning: `!h' float specifier changed to `!ht'.

<../Imagenes/EstabilidadLKσ25.png, id=505, 1806.75pt x 1204.5pt>
File: ../Imagenes/EstabilidadLKσ25.png Graphic file (type png)
<use ../Imagenes/EstabilidadLKσ25.png>
Package pdftex.def Info: ../Imagenes/EstabilidadLKσ25.png  used on input line 
443.
(pdftex.def)             Requested size: 361.3436pt x 240.89574pt.


LaTeX Info: Redefining \. on input line 447.
LaTeX Info: Redefining \% on input line 447.
[26 <../Imagenes/EstabilidadLKσ50.png>]

LaTeX Info: Redefining \. on input line 447.
LaTeX Info: Redefining \% on input line 447.
[27 <../Imagenes/EstabilidadLKp25.png> <../Imagenes/EstabilidadLKσ25.png>]
Underfull \hbox (badness 10000) in paragraph at lines 448--452

 []


LaTeX Warning: Reference `eqn:LK' on page 28 undefined on input line 458.


Underfull \hbox (badness 10000) in paragraph at lines 455--459

 []



LaTeX Info: Redefining \. on input line 463.
LaTeX Info: Redefining \% on input line 463.
[28]
Underfull \hbox (badness 10000) in paragraph at lines 469--475

 []


Underfull \hbox (badness 10000) in paragraph at lines 469--475

 []



LaTeX Info: Redefining \. on input line 475.
LaTeX Info: Redefining \% on input line 475.
[29]
Underfull \hbox (badness 10000) in paragraph at lines 477--483

 []


Underfull \hbox (badness 10000) in paragraph at lines 477--483

 []


Underfull \hbox (badness 10000) in paragraph at lines 485--491

 []



LaTeX Info: Redefining \. on input line 491.
LaTeX Info: Redefining \% on input line 491.
[30]

LaTeX Warning: Reference `eqn:LK' on page 31 undefined on input line 494.


LaTeX Warning: Reference `eqn:LK' on page 31 undefined on input line 494.


LaTeX Warning: Reference `eqn:LK' on page 31 undefined on input line 498.


Underfull \hbox (badness 10000) in paragraph at lines 498--501

 []


Underfull \hbox (badness 10000) in paragraph at lines 503--507

 []



LaTeX Info: Redefining \. on input line 507.
LaTeX Info: Redefining \% on input line 507.
[31]

LaTeX Info: Redefining \. on input line 507.
LaTeX Info: Redefining \% on input line 507.
[32]

LaTeX Warning: Reference `eqn:LK' on page 33 undefined on input line 508.


LaTeX Warning: Reference `eqn:paramMay' on page 33 undefined on input line 515.



Underfull \hbox (badness 10000) in paragraph at lines 509--518

 []


Underfull \hbox (badness 10000) in paragraph at lines 509--518

 []


Underfull \hbox (badness 10000) in paragraph at lines 509--518

 []



LaTeX Info: Redefining \. on input line 518.
LaTeX Info: Redefining \% on input line 518.
[33]

LaTeX Warning: Reference `eqn:radioMayGirko' on page 34 undefined on input line
 521.


LaTeX Warning: Reference `eqn:LK' on page 34 undefined on input line 521.


LaTeX Warning: Reference `subsec:PuntosFijos' on page 34 undefined on input lin
e 523.


LaTeX Warning: Reference `eqn:PuntoFijo' on page 34 undefined on input line 523
.


Underfull \hbox (badness 10000) in paragraph at lines 519--524

 []


Underfull \hbox (badness 10000) in paragraph at lines 519--524

 []



LaTeX Info: Redefining \. on input line 524.
LaTeX Info: Redefining \% on input line 524.
[34]
Underfull \hbox (badness 10000) in paragraph at lines 527--534

 []


Underfull \hbox (badness 10000) in paragraph at lines 527--534

 []


Underfull \hbox (badness 10000) in paragraph at lines 527--534

 []



LaTeX Info: Redefining \. on input line 534.
LaTeX Info: Redefining \% on input line 534.
[35])
Underfull \hbox (badness 10000) in paragraph at lines 537--100

 []


Underfull \hbox (badness 10000) in paragraph at lines 537--100

 []



LaTeX Info: Redefining \. on input line 100.
LaTeX Info: Redefining \% on input line 100.
[36]
Overfull \hbox (13.05043pt too wide) in paragraph at lines 108--108
[]\OT1/cmr/m/n/10.95 Robert M May. ``Will a lar-ge com-plex sys-tem be sta-ble?
'' En: \OT1/cmr/m/it/10.95 Na-tu-re \OT1/cmr/m/n/10.95 238.5364 (1972), p^^Sags
. 413[]414. 
 []



[37




] (main.aux
LaTeX Info: Redefining \sptext on input line 11.
LaTeX Info: Redefining \. on input line 11.
LaTeX Info: Redefining \% on input line 11.
 (TeX_files/chapter03.aux))
 ***********
LaTeX2e <2024-06-01> patch level 2
L3 programming layer <2024-07-20>
 ***********


LaTeX Font Warning: Some font shapes were not available, defaults substituted.


LaTeX Warning: There were undefined references.

Package rerunfilecheck Info: File `main.out' has not changed.
(rerunfilecheck)             Checksum: 6D765FC3B7E339E57732733954D01D1D;2316.
runsystem(del main.pyg)...executed.

Package logreq Info: Writing requests to 'main.run.xml'.
\openout1 = `main.run.xml'.

 ) 
Here is how much of TeX's memory you used:
 43771 strings out of 473899
 869488 string characters out of 5725556
 1948960 words of memory out of 5000000
 65770 multiletter control sequences out of 15000+600000
 571515 words of font info for 86 fonts, out of 8000000 for 9000
 1141 hyphenation exceptions out of 8191
 109i,11n,117p,1682b,2313s stack positions out of 10000i,1000n,20000p,200000b,200000s
<C:/Users/Rodrigo/AppData/Local/Programs/MiKTeX/fonts/type1/public/amsfonts/c
m/cmbx10.pfb><C:/Users/Rodrigo/AppData/Local/Programs/MiKTeX/fonts/type1/public
/amsfonts/cm/cmbx12.pfb><C:/Users/Rodrigo/AppData/Local/Programs/MiKTeX/fonts/t
ype1/public/amsfonts/cm/cmbx8.pfb><C:/Users/Rodrigo/AppData/Local/Programs/MiKT
eX/fonts/type1/public/amsfonts/cm/cmcsc10.pfb><C:/Users/Rodrigo/AppData/Local/P
rograms/MiKTeX/fonts/type1/public/amsfonts/cm/cmex10.pfb><C:/Users/Rodrigo/AppD
ata/Local/Programs/MiKTeX/fonts/type1/public/amsfonts/cmextra/cmex9.pfb><C:/Use
rs/Rodrigo/AppData/Local/Programs/MiKTeX/fonts/type1/public/amsfonts/cm/cmmi10.
pfb><C:/Users/Rodrigo/AppData/Local/Programs/MiKTeX/fonts/type1/public/amsfonts
/cm/cmmi12.pfb><C:/Users/Rodrigo/AppData/Local/Programs/MiKTeX/fonts/type1/publ
ic/amsfonts/cm/cmmi5.pfb><C:/Users/Rodrigo/AppData/Local/Programs/MiKTeX/fonts/
type1/public/amsfonts/cm/cmmi6.pfb><C:/Users/Rodrigo/AppData/Local/Programs/MiK
TeX/fonts/type1/public/amsfonts/cm/cmmi8.pfb><C:/Users/Rodrigo/AppData/Local/Pr
ograms/MiKTeX/fonts/type1/public/amsfonts/cm/cmmi9.pfb><C:/Users/Rodrigo/AppDat
a/Local/Programs/MiKTeX/fonts/type1/public/amsfonts/cm/cmr10.pfb><C:/Users/Rodr
igo/AppData/Local/Programs/MiKTeX/fonts/type1/public/amsfonts/cm/cmr12.pfb><C:/
Users/Rodrigo/AppData/Local/Programs/MiKTeX/fonts/type1/public/amsfonts/cm/cmr6
.pfb><C:/Users/Rodrigo/AppData/Local/Programs/MiKTeX/fonts/type1/public/amsfont
s/cm/cmr8.pfb><C:/Users/Rodrigo/AppData/Local/Programs/MiKTeX/fonts/type1/publi
c/amsfonts/cm/cmr9.pfb><C:/Users/Rodrigo/AppData/Local/Programs/MiKTeX/fonts/ty
pe1/public/amsfonts/cm/cmsl10.pfb><C:/Users/Rodrigo/AppData/Local/Programs/MiKT
eX/fonts/type1/public/amsfonts/cm/cmsy10.pfb><C:/Users/Rodrigo/AppData/Local/Pr
ograms/MiKTeX/fonts/type1/public/amsfonts/cm/cmsy6.pfb><C:/Users/Rodrigo/AppDat
a/Local/Programs/MiKTeX/fonts/type1/public/amsfonts/cm/cmsy8.pfb><C:/Users/Rodr
igo/AppData/Local/Programs/MiKTeX/fonts/type1/public/amsfonts/cm/cmsy9.pfb><C:/
Users/Rodrigo/AppData/Local/Programs/MiKTeX/fonts/type1/public/amsfonts/cm/cmti
10.pfb><C:/Users/Rodrigo/AppData/Local/Programs/MiKTeX/fonts/type1/public/amsfo
nts/cm/cmti9.pfb><C:/Users/Rodrigo/AppData/Local/Programs/MiKTeX/fonts/type1/pu
blic/amsfonts/cm/cmtt10.pfb><C:/Users/Rodrigo/AppData/Local/Programs/MiKTeX/fon
ts/type1/public/amsfonts/cm/cmtt9.pfb><C:/Users/Rodrigo/AppData/Local/Programs/
MiKTeX/fonts/type1/public/amsfonts/symbols/msbm10.pfb><C:/Users/Rodrigo/AppData
/Local/Programs/MiKTeX/fonts/type1/public/cm-super/sfrm1095.pfb>
Output written on main.pdf (53 pages, 7979062 bytes).
PDF statistics:
 770 PDF objects out of 1000 (max. 8388607)
 149 named destinations out of 1000 (max. 500000)
 293 words of extra memory for PDF output out of 10000 (max. 10000000)

