\BOOKMARK [0][-]{chapter*.1}{\376\377\000A\000g\000r\000a\000d\000e\000c\000i\000m\000i\000e\000n\000t\000o\000s}{}% 1
\BOOKMARK [0][-]{chapter*.6}{\376\377\000I\000n\000t\000r\000o\000d\000u\000c\000c\000i\000\363\000n}{}% 2
\BOOKMARK [0][-]{chapter.1}{\376\377\000E\000s\000t\000a\000b\000i\000l\000i\000d\000a\000d\000\040\000e\000n\000\040\000s\000i\000s\000t\000e\000m\000a\000s\000\040\000d\000i\000n\000\341\000m\000i\000c\000o\000s\000\040\000d\000e\000\040\000g\000r\000a\000n\000\040\000d\000i\000m\000e\000n\000s\000i\000\363\000n\000.}{}% 3
\BOOKMARK [1][-]{section.1.1}{\376\377\000A\000n\000t\000e\000c\000e\000d\000e\000n\000t\000e\000s}{chapter.1}% 4
\BOOKMARK [1][-]{section.1.2}{\376\377\000P\000l\000a\000n\000t\000e\000a\000m\000i\000e\000n\000t\000o\000\040\000d\000e\000l\000\040\000p\000r\000o\000b\000l\000e\000m\000a}{chapter.1}% 5
\BOOKMARK [0][-]{chapter.2}{\376\377\000E\000l\000\040\000m\000o\000d\000e\000l\000o\000\040\000d\000e\000\040\000L\000o\000t\000k\000a\000-\000V\000o\000l\000t\000e\000r\000r\000a\000\040\000g\000e\000n\000e\000r\000a\000l\000i\000z\000a\000d\000o}{}% 6
\BOOKMARK [1][-]{section.2.1}{\376\377\000C\000a\000s\000o\000\040\000p\000a\000r\000t\000i\000c\000u\000l\000a\000r\000\040\000p\000a\000r\000a\000\040\000N\000=\0002}{chapter.2}% 7
\BOOKMARK [1][-]{section.2.2}{\376\377\000G\000e\000n\000e\000r\000a\000l\000i\000z\000a\000n\000d\000o\000\040\000a\000\040\000N\0001\000\040\000e\000s\000p\000e\000c\000i\000e\000s\000.}{chapter.2}% 8
\BOOKMARK [2][-]{subsection.2.2.1}{\376\377\000R\000e\000d\000\040\000d\000e\000\040\000i\000n\000t\000e\000r\000a\000c\000c\000i\000o\000n\000e\000s\000\040\000p\000o\000n\000d\000e\000r\000a\000d\000a}{section.2.2}% 9
\BOOKMARK [2][-]{subsection.2.2.2}{\376\377\000T\000i\000p\000o\000s\000\040\000d\000e\000\040\000i\000n\000t\000e\000r\000a\000c\000c\000i\000o\000n\000e\000s}{section.2.2}% 10
\BOOKMARK [1][-]{section.2.3}{\376\377\000E\000s\000t\000a\000d\000o\000s\000\040\000e\000s\000t\000a\000c\000i\000o\000n\000a\000r\000i\000o\000s}{chapter.2}% 11
\BOOKMARK [1][-]{section.2.4}{\376\377\000J\000a\000c\000o\000b\000i\000a\000n\000a\000\040\000d\000e\000l\000\040\000s\000i\000s\000t\000e\000m\000a}{chapter.2}% 12
\BOOKMARK [0][-]{chapter.3}{\376\377\000E\000s\000t\000a\000b\000i\000l\000i\000d\000a\000d\000\040\000d\000e\000l\000\040\000s\000i\000s\000t\000e\000m\000a\000\040\000d\000e\000\040\000L\000o\000t\000k\000a\000-\000V\000o\000l\000t\000e\000r\000r\000a\000\040\000g\000e\000n\000e\000r\000a\000l\000i\000z\000a\000d\000o}{}% 13
\BOOKMARK [1][-]{section.3.1}{\376\377\000C\000o\000n\000s\000i\000d\000e\000r\000a\000c\000i\000o\000n\000e\000s\000\040\000g\000e\000n\000e\000r\000a\000l\000e\000s\000\040\000s\000o\000b\000r\000e\000\040\000e\000s\000t\000a\000b\000i\000l\000i\000d\000a\000d}{chapter.3}% 14
\BOOKMARK [2][-]{subsection.3.1.1}{\376\377\000T\000r\000a\000n\000s\000i\000c\000i\000o\000n\000e\000s\000\040\000d\000i\000n\000\341\000m\000i\000c\000a\000s\000\040\000d\000e\000\040\000M\000a\000y}{section.3.1}% 15
\BOOKMARK [1][-]{section.3.2}{\376\377\000I\000m\000p\000l\000e\000m\000e\000n\000t\000a\000c\000i\000\363\000n\000\040\000n\000u\000m\000\351\000r\000i\000c\000a\000\040\000y\000\040\000m\000e\000t\000o\000d\000o\000l\000o\000g\000\355\000a}{chapter.3}% 16
\BOOKMARK [2][-]{subsection.3.2.1}{\376\377\000S\000e\000r\000i\000e\000s\000\040\000d\000e\000\040\000t\000i\000e\000m\000p\000o}{section.3.2}% 17
\BOOKMARK [2][-]{subsection.3.2.2}{\376\377\000E\000s\000t\000a\000d\000o\000s\000\040\000e\000s\000t\000a\000c\000i\000o\000n\000a\000r\000i\000o\000s}{section.3.2}% 18
\BOOKMARK [2][-]{subsection.3.2.3}{\376\377\000M\000a\000t\000r\000i\000z\000\040\000J\000a\000c\000o\000b\000i\000a\000n\000a}{section.3.2}% 19
\BOOKMARK [2][-]{subsection.3.2.4}{\376\377\000D\000i\000s\000t\000r\000i\000b\000u\000c\000i\000\363\000n\000\040\000e\000s\000p\000e\000c\000t\000r\000a\000l}{section.3.2}% 20
\BOOKMARK [0][-]{chapter.4}{\376\377\000T\000r\000a\000n\000s\000i\000c\000i\000o\000n\000e\000s\000\040\000d\000e\000\040\000e\000s\000t\000a\000b\000i\000l\000i\000d\000a\000d\000\040\000d\000e\000l\000\040\000L\000V\000\040\000g\000e\000n\000e\000r\000a\000l\000i\000z\000a\000d\000o}{}% 21
\BOOKMARK [1][-]{subsection.4.0.1}{\376\377\000P\000a\000r\000a\000\040\000N\000=\0001\0000\0000}{chapter.4}% 22
\BOOKMARK [2][-]{subsection.4.0.2}{\376\377\000P\000a\000r\000a\000\040\000N\000=\0005\0000}{subsection.4.0.1}% 23
\BOOKMARK [2][-]{subsection.4.0.3}{\376\377\000P\000a\000r\000a\000\040\000N\000=\0002\0005}{subsection.4.0.1}% 24
\BOOKMARK [1][-]{section.4.1}{\376\377\000P\000a\000r\000\341\000m\000e\000t\000r\000o\000\040\000h\000e\000u\000r\000\355\000s\000t\000i\000c\000o\000\040\000d\000e\000\040\000t\000r\000a\000n\000s\000i\000c\000i\000\363\000n\000\040\000d\000i\000n\000\341\000m\000i\000c\000a}{chapter.4}% 25
\BOOKMARK [2][-]{subsection.4.1.1}{\376\377\000B\000o\000r\000d\000e\000\040\000d\000e\000\040\000e\000s\000t\000a\000b\000i\000l\000i\000d\000a\000d\000\040\000p\000a\000r\000a\000\040\000N\000=\0002}{section.4.1}% 26
\BOOKMARK [2][-]{subsection.4.1.2}{\376\377\000C\000o\000n\000o\000\040\000c\000o\000n\000v\000e\000x\000o}{section.4.1}% 27
\BOOKMARK [1][-]{section.4.2}{\376\377\000D\000i\000s\000c\000u\000s\000i\000\363\000n}{chapter.4}% 28
\BOOKMARK [2][-]{subsection.4.2.1}{\376\377\000S\000o\000b\000r\000e\000\040\000e\000l\000\040\000c\000a\000r\000\341\000c\000t\000e\000r\000\040\000d\000e\000\040\000l\000a\000\040\000t\000r\000a\000n\000s\000i\000c\000i\000\363\000n}{section.4.2}% 29
\BOOKMARK [2][-]{subsection.4.2.2}{\376\377\000S\000o\000b\000r\000e\000\040\000l\000a\000\040\000s\000i\000m\000e\000t\000r\000\355\000a\000\040\000e\000s\000t\000r\000u\000c\000t\000u\000r\000a\000l}{section.4.2}% 30
\BOOKMARK [2][-]{subsection.4.2.3}{\376\377\000S\000o\000b\000r\000e\000\040\000l\000a\000\040\000f\000a\000c\000t\000i\000b\000i\000l\000i\000d\000a\000d\000\040\000y\000\040\000l\000a\000\040\000e\000s\000t\000a\000b\000i\000l\000i\000d\000a\000d}{section.4.2}% 31
\BOOKMARK [2][-]{subsection.4.2.4}{\376\377\000S\000o\000b\000r\000e\000\040\000e\000l\000\040\000p\000a\000r\000\341\000m\000e\000t\000r\000o\000\040\000c\000r\000\355\000t\000i\000c\000o}{section.4.2}% 32
\BOOKMARK [2][-]{subsection.4.2.5}{\376\377\000A\000l\000c\000a\000n\000c\000e\000s\000\040\000y\000\040\000l\000i\000m\000i\000t\000a\000c\000i\000o\000n\000e\000s}{section.4.2}% 33
\BOOKMARK [0][-]{chapter.5}{\376\377\000C\000o\000n\000c\000l\000u\000s\000i\000o\000n\000e\000s}{}% 34
